TN:
SF:src/api/anthropic.ts
FN:18,(anonymous_0)
FNF:1
FNH:0
FNDA:0,(anonymous_0)
DA:18,0
DA:19,0
LF:2
LH:0
BRF:0
BRH:0
end_of_record
TN:
SF:src/api/chat-service.ts
FN:15,(anonymous_0)
FN:23,(anonymous_1)
FN:48,(anonymous_2)
FN:58,(anonymous_3)
FN:63,(anonymous_4)
FN:88,(anonymous_5)
FN:98,(anonymous_6)
FN:103,(anonymous_7)
FN:128,(anonymous_8)
FNF:9
FNH:0
FNDA:0,(anonymous_0)
FNDA:0,(anonymous_1)
FNDA:0,(anonymous_2)
FNDA:0,(anonymous_3)
FNDA:0,(anonymous_4)
FNDA:0,(anonymous_5)
FNDA:0,(anonymous_6)
FNDA:0,(anonymous_7)
FNDA:0,(anonymous_8)
DA:15,0
DA:19,0
DA:20,0
DA:23,0
DA:25,0
DA:30,0
DA:39,0
DA:48,0
DA:49,0
DA:58,0
DA:59,0
DA:60,0
DA:63,0
DA:65,0
DA:70,0
DA:79,0
DA:88,0
DA:89,0
DA:98,0
DA:99,0
DA:100,0
DA:103,0
DA:105,0
DA:110,0
DA:119,0
DA:128,0
DA:129,0
LF:27
LH:0
BRDA:25,0,0,0
BRDA:25,0,1,0
BRDA:26,1,0,0
BRDA:26,1,1,0
BRDA:27,2,0,0
BRDA:27,2,1,0
BRDA:39,3,0,0
BRDA:39,3,1,0
BRDA:65,4,0,0
BRDA:65,4,1,0
BRDA:66,5,0,0
BRDA:66,5,1,0
BRDA:67,6,0,0
BRDA:67,6,1,0
BRDA:79,7,0,0
BRDA:79,7,1,0
BRDA:105,8,0,0
BRDA:105,8,1,0
BRDA:106,9,0,0
BRDA:106,9,1,0
BRDA:107,10,0,0
BRDA:107,10,1,0
BRDA:119,11,0,0
BRDA:119,11,1,0
BRF:24
BRH:0
end_of_record
TN:
SF:src/api/chatApi.ts
FN:25,(anonymous_0)
FN:26,(anonymous_1)
FN:30,(anonymous_2)
FN:184,(anonymous_3)
FN:189,(anonymous_4)
FN:205,(anonymous_5)
FN:240,(anonymous_6)
FN:275,(anonymous_7)
FN:339,(anonymous_8)
FN:358,(anonymous_9)
FN:378,(anonymous_10)
FNF:11
FNH:0
FNDA:0,(anonymous_0)
FNDA:0,(anonymous_1)
FNDA:0,(anonymous_2)
FNDA:0,(anonymous_3)
FNDA:0,(anonymous_4)
FNDA:0,(anonymous_5)
FNDA:0,(anonymous_6)
FNDA:0,(anonymous_7)
FNDA:0,(anonymous_8)
FNDA:0,(anonymous_9)
FNDA:0,(anonymous_10)
DA:23,0
DA:26,0
DA:31,0
DA:32,0
DA:34,0
DA:171,0
DA:176,0
DA:185,0
DA:186,0
DA:188,0
DA:189,0
DA:191,0
DA:196,0
DA:210,0
DA:211,0
DA:214,0
DA:216,0
DA:229,0
DA:246,0
DA:247,0
DA:249,0
DA:261,0
DA:266,0
DA:276,0
DA:277,0
DA:279,0
DA:326,0
DA:331,0
DA:340,0
DA:341,0
DA:344,0
DA:350,0
DA:359,0
DA:360,0
DA:363,0
DA:369,0
DA:379,0
DA:392,0
DA:401,0
DA:403,0
DA:404,0
DA:405,0
DA:406,0
DA:408,0
DA:410,0
DA:424,0
DA:429,0
LF:47
LH:0
BRDA:25,0,0,0
BRDA:192,1,0,0
BRDA:192,1,1,0
BRDA:207,2,0,0
BRDA:208,3,0,0
BRDA:408,4,0,0
BRDA:408,4,1,0
BRDA:416,5,0,0
BRDA:416,5,1,0
BRF:9
BRH:0
end_of_record
TN:
SF:src/api/grok.ts
FN:19,(anonymous_0)
FNF:1
FNH:0
FNDA:0,(anonymous_0)
DA:19,0
DA:20,0
LF:2
LH:0
BRF:0
BRH:0
end_of_record
TN:
SF:src/api/image-generation.ts
FN:19,generateImage
FN:83,convertAspectRatioToSize
FNF:2
FNH:0
FNDA:0,generateImage
FNDA:0,convertAspectRatioToSize
DA:10,0
DA:11,0
DA:28,0
DA:30,0
DA:39,0
DA:47,0
DA:48,0
DA:49,0
DA:50,0
DA:52,0
DA:55,0
DA:56,0
DA:60,0
DA:61,0
DA:63,0
DA:67,0
DA:68,0
DA:70,0
DA:71,0
DA:74,0
DA:84,0
DA:86,0
DA:88,0
DA:90,0
DA:92,0
LF:25
LH:0
BRDA:47,0,0,0
BRDA:47,0,1,0
BRDA:55,1,0,0
BRDA:55,1,1,0
BRDA:67,2,0,0
BRDA:67,2,1,0
BRDA:67,3,0,0
BRDA:67,3,1,0
BRDA:70,4,0,0
BRDA:70,4,1,0
BRDA:70,4,2,0
BRDA:84,5,0,0
BRDA:84,5,1,0
BRDA:84,5,2,0
BRDA:84,5,3,0
BRF:15
BRH:0
end_of_record
TN:
SF:src/api/openai.ts
FN:20,(anonymous_0)
FNF:1
FNH:0
FNDA:0,(anonymous_0)
DA:20,0
DA:21,0
LF:2
LH:0
BRF:0
BRH:0
end_of_record
TN:
SF:src/api/secure-ai-service.ts
FN:30,(anonymous_0)
FN:41,(anonymous_1)
FN:63,(anonymous_2)
FN:85,(anonymous_3)
FN:104,(anonymous_4)
FN:123,(anonymous_5)
FN:142,(anonymous_6)
FN:148,(anonymous_7)
FN:183,(anonymous_8)
FN:189,(anonymous_9)
FN:195,(anonymous_10)
FN:201,(anonymous_11)
FNF:12
FNH:0
FNDA:0,(anonymous_0)
FNDA:0,(anonymous_1)
FNDA:0,(anonymous_2)
FNDA:0,(anonymous_3)
FNDA:0,(anonymous_4)
FNDA:0,(anonymous_5)
FNDA:0,(anonymous_6)
FNDA:0,(anonymous_7)
FNDA:0,(anonymous_8)
FNDA:0,(anonymous_9)
FNDA:0,(anonymous_10)
FNDA:0,(anonymous_11)
DA:31,0
DA:32,0
DA:33,0
DA:35,0
DA:42,0
DA:47,0
DA:49,0
DA:50,0
DA:53,0
DA:62,0
DA:63,0
DA:64,0
DA:71,0
DA:72,0
DA:74,0
DA:75,0
DA:78,0
DA:90,0
DA:98,0
DA:109,0
DA:117,0
DA:128,0
DA:136,0
DA:147,0
DA:148,0
DA:151,0
DA:152,0
DA:155,0
DA:157,0
DA:158,0
DA:160,0
DA:161,0
DA:163,0
DA:164,0
DA:166,0
DA:169,0
DA:175,0
DA:180,0
DA:183,0
DA:187,0
DA:189,0
DA:193,0
DA:195,0
DA:199,0
DA:201,0
DA:205,0
LF:46
LH:0
BRDA:32,0,0,0
BRDA:32,0,1,0
BRDA:49,1,0,0
BRDA:49,1,1,0
BRDA:49,2,0,0
BRDA:49,2,1,0
BRDA:62,3,0,0
BRDA:62,3,1,0
BRDA:65,4,0,0
BRDA:65,4,1,0
BRDA:74,5,0,0
BRDA:74,5,1,0
BRDA:87,6,0,0
BRDA:88,7,0,0
BRDA:94,8,0,0
BRDA:94,8,1,0
BRDA:95,9,0,0
BRDA:95,9,1,0
BRDA:106,10,0,0
BRDA:107,11,0,0
BRDA:113,12,0,0
BRDA:113,12,1,0
BRDA:114,13,0,0
BRDA:114,13,1,0
BRDA:125,14,0,0
BRDA:126,15,0,0
BRDA:132,16,0,0
BRDA:132,16,1,0
BRDA:133,17,0,0
BRDA:133,17,1,0
BRDA:144,18,0,0
BRDA:145,19,0,0
BRDA:155,20,0,0
BRDA:155,20,1,0
BRDA:155,20,2,0
BRDA:155,20,3,0
BRF:36
BRH:0
end_of_record
TN:
SF:src/api/transcribe-audio.ts
FN:12,(anonymous_0)
FNF:1
FNH:0
FNDA:0,(anonymous_0)
DA:12,0
DA:13,0
DA:15,0
DA:16,0
DA:21,0
DA:22,0
DA:24,0
DA:25,0
DA:26,0
DA:30,0
DA:38,0
DA:40,0
DA:41,0
DA:43,0
DA:45,0
DA:49,0
DA:50,0
DA:52,0
DA:55,0
DA:56,0
DA:59,0
DA:61,0
LF:22
LH:0
BRDA:25,0,0,0
BRDA:25,0,1,0
BRDA:38,1,0,0
BRDA:38,1,1,0
BRDA:45,2,0,0
BRDA:45,2,1,0
BRDA:55,3,0,0
BRDA:55,3,1,0
BRF:8
BRH:0
end_of_record
TN:
SF:src/api/webhooks/revenuecat.ts
FN:48,handleRevenueCatWebhook
FN:80,validateRevenueCatWebhook
FN:112,(anonymous_2)
FN:158,(anonymous_3)
FNF:4
FNH:0
FNDA:0,handleRevenueCatWebhook
FNDA:0,validateRevenueCatWebhook
FNDA:0,(anonymous_2)
FNDA:0,(anonymous_3)
DA:52,0
DA:54,0
DA:55,0
DA:59,0
DA:61,0
DA:66,0
DA:67,0
DA:81,0
DA:82,0
DA:83,0
DA:86,0
DA:88,0
DA:91,0
DA:94,0
DA:96,0
DA:97,0
DA:100,0
DA:102,0
DA:103,0
DA:112,0
DA:113,0
DA:115,0
DA:116,0
DA:120,0
DA:121,0
DA:124,0
DA:125,0
DA:129,0
DA:130,0
DA:132,0
DA:133,0
DA:137,0
DA:139,0
DA:140,0
DA:142,0
DA:145,0
DA:146,0
DA:158,0
DA:159,0
DA:161,0
DA:162,0
DA:169,0
DA:170,0
DA:173,0
DA:176,0
DA:177,0
DA:184,0
DA:186,0
DA:187,0
DA:194,0
DA:196,0
DA:201,0
DA:202,0
DA:218,0
LF:54
LH:0
BRDA:54,0,0,0
BRDA:54,0,1,0
BRDA:69,1,0,0
BRDA:69,1,1,0
BRDA:81,2,0,0
BRDA:81,2,1,0
BRDA:81,3,0,0
BRDA:81,3,1,0
BRDA:81,3,2,0
BRDA:96,4,0,0
BRDA:96,4,1,0
BRDA:115,5,0,0
BRDA:115,5,1,0
BRDA:120,6,0,0
BRDA:120,6,1,0
BRDA:121,7,0,0
BRDA:121,7,1,0
BRDA:124,8,0,0
BRDA:124,8,1,0
BRDA:124,9,0,0
BRDA:124,9,1,0
BRDA:132,10,0,0
BRDA:132,10,1,0
BRDA:139,11,0,0
BRDA:139,11,1,0
BRDA:161,12,0,0
BRDA:161,12,1,0
BRDA:169,13,0,0
BRDA:169,13,1,0
BRDA:170,14,0,0
BRDA:170,14,1,0
BRDA:176,15,0,0
BRDA:176,15,1,0
BRDA:176,16,0,0
BRDA:176,16,1,0
BRDA:186,17,0,0
BRDA:186,17,1,0
BRDA:197,18,0,0
BRDA:197,18,1,0
BRF:39
BRH:0
end_of_record
TN:
SF:src/components/AccessibilityTestScreen.tsx
FN:8,(anonymous_0)
FN:13,(anonymous_1)
FN:14,(anonymous_2)
FN:17,(anonymous_3)
FN:21,(anonymous_4)
FN:30,(anonymous_5)
FN:38,(anonymous_6)
FN:46,(anonymous_7)
FN:50,(anonymous_8)
FN:51,(anonymous_9)
FN:52,(anonymous_10)
FN:54,(anonymous_11)
FN:85,(anonymous_12)
FN:88,(anonymous_13)
FN:237,(anonymous_14)
FNF:15
FNH:0
FNDA:0,(anonymous_0)
FNDA:0,(anonymous_1)
FNDA:0,(anonymous_2)
FNDA:0,(anonymous_3)
FNDA:0,(anonymous_4)
FNDA:0,(anonymous_5)
FNDA:0,(anonymous_6)
FNDA:0,(anonymous_7)
FNDA:0,(anonymous_8)
FNDA:0,(anonymous_9)
FNDA:0,(anonymous_10)
FNDA:0,(anonymous_11)
FNDA:0,(anonymous_12)
FNDA:0,(anonymous_13)
FNDA:0,(anonymous_14)
DA:8,0
DA:9,0
DA:10,0
DA:11,0
DA:13,0
DA:14,0
DA:17,0
DA:18,0
DA:21,0
DA:22,0
DA:23,0
DA:24,0
DA:25,0
DA:26,0
DA:27,0
DA:30,0
DA:31,0
DA:32,0
DA:33,0
DA:34,0
DA:35,0
DA:38,0
DA:39,0
DA:40,0
DA:41,0
DA:42,0
DA:43,0
DA:46,0
DA:47,0
DA:48,0
DA:50,0
DA:51,0
DA:52,0
DA:54,0
DA:55,0
DA:56,0
DA:60,0
DA:86,0
DA:88,0
DA:238,0
LF:40
LH:0
BRDA:24,0,0,0
BRDA:24,0,1,0
BRDA:89,1,0,0
BRDA:89,1,1,0
BRDA:91,2,0,0
BRDA:91,2,1,0
BRDA:101,3,0,0
BRDA:101,3,1,0
BRDA:125,4,0,0
BRDA:125,4,1,0
BRDA:231,5,0,0
BRDA:231,5,1,0
BRF:12
BRH:0
end_of_record
TN:
SF:src/components/AdBanner.tsx
FN:14,(anonymous_0)
FN:17,(anonymous_1)
FN:19,(anonymous_2)
FN:28,(anonymous_3)
FN:48,(anonymous_4)
FN:59,(anonymous_5)
FN:70,(anonymous_6)
FN:76,(anonymous_7)
FN:82,(anonymous_8)
FN:91,(anonymous_9)
FN:94,(anonymous_10)
FN:102,(anonymous_11)
FN:126,(anonymous_12)
FN:129,(anonymous_13)
FN:134,(anonymous_14)
FN:135,(anonymous_15)
FN:144,(anonymous_16)
FN:145,(anonymous_17)
FN:150,AdBanner
FN:163,(anonymous_19)
FN:171,(anonymous_20)
FN:172,(anonymous_21)
FN:183,(anonymous_22)
FN:192,(anonymous_23)
FN:197,(anonymous_24)
FN:198,(anonymous_25)
FN:246,(anonymous_26)
FNF:27
FNH:0
FNDA:0,(anonymous_0)
FNDA:0,(anonymous_1)
FNDA:0,(anonymous_2)
FNDA:0,(anonymous_3)
FNDA:0,(anonymous_4)
FNDA:0,(anonymous_5)
FNDA:0,(anonymous_6)
FNDA:0,(anonymous_7)
FNDA:0,(anonymous_8)
FNDA:0,(anonymous_9)
FNDA:0,(anonymous_10)
FNDA:0,(anonymous_11)
FNDA:0,(anonymous_12)
FNDA:0,(anonymous_13)
FNDA:0,(anonymous_14)
FNDA:0,(anonymous_15)
FNDA:0,(anonymous_16)
FNDA:0,(anonymous_17)
FNDA:0,AdBanner
FNDA:0,(anonymous_19)
FNDA:0,(anonymous_20)
FNDA:0,(anonymous_21)
FNDA:0,(anonymous_22)
FNDA:0,(anonymous_23)
FNDA:0,(anonymous_24)
FNDA:0,(anonymous_25)
FNDA:0,(anonymous_26)
DA:14,0
DA:15,0
DA:17,0
DA:19,0
DA:20,0
DA:22,0
DA:24,0
DA:28,0
DA:31,0
DA:48,0
DA:49,0
DA:50,0
DA:51,0
DA:52,0
DA:53,0
DA:55,0
DA:56,0
DA:59,0
DA:60,0
DA:61,0
DA:70,0
DA:71,0
DA:72,0
DA:75,0
DA:76,0
DA:79,0
DA:82,0
DA:84,0
DA:85,0
DA:86,0
DA:88,0
DA:89,0
DA:91,0
DA:92,0
DA:93,0
DA:94,0
DA:96,0
DA:97,0
DA:102,0
DA:103,0
DA:107,0
DA:108,0
DA:122,0
DA:127,0
DA:130,0
DA:133,0
DA:134,0
DA:135,0
DA:137,0
DA:138,0
DA:141,0
DA:151,0
DA:152,0
DA:153,0
DA:154,0
DA:155,0
DA:156,0
DA:157,0
DA:159,0
DA:160,0
DA:163,0
DA:164,0
DA:165,0
DA:166,0
DA:171,0
DA:172,0
DA:173,0
DA:174,0
DA:179,0
DA:180,0
DA:183,0
DA:184,0
DA:185,0
DA:186,0
DA:187,0
DA:188,0
DA:189,0
DA:192,0
DA:194,0
DA:195,0
DA:197,0
DA:198,0
DA:199,0
DA:200,0
DA:204,0
DA:205,0
DA:206,0
DA:207,0
DA:208,0
DA:212,0
DA:247,0
DA:248,0
DA:249,0
DA:250,0
DA:252,0
LF:95
LH:0
BRDA:20,0,0,0
BRDA:20,0,1,0
BRDA:37,1,0,0
BRDA:37,1,1,0
BRDA:60,2,0,0
BRDA:60,2,1,0
BRDA:62,3,0,0
BRDA:62,3,1,0
BRDA:62,3,2,0
BRDA:62,3,3,0
BRDA:62,3,4,0
BRDA:70,4,0,0
BRDA:75,5,0,0
BRDA:75,5,1,0
BRDA:88,6,0,0
BRDA:88,6,1,0
BRDA:88,7,0,0
BRDA:88,7,1,0
BRDA:92,8,0,0
BRDA:92,8,1,0
BRDA:107,9,0,0
BRDA:107,9,1,0
BRDA:107,10,0,0
BRDA:107,10,1,0
BRDA:107,10,2,0
BRDA:111,11,0,0
BRDA:111,11,1,0
BRDA:113,12,0,0
BRDA:113,12,1,0
BRDA:130,13,0,0
BRDA:130,13,1,0
BRDA:130,14,0,0
BRDA:130,14,1,0
BRDA:133,15,0,0
BRDA:133,15,1,0
BRDA:164,16,0,0
BRDA:164,16,1,0
BRDA:179,17,0,0
BRDA:179,17,1,0
BRDA:194,18,0,0
BRDA:194,18,1,0
BRDA:194,19,0,0
BRDA:194,19,1,0
BRDA:228,20,0,0
BRDA:228,20,1,0
BRDA:228,21,0,0
BRDA:228,21,1,0
BRDA:233,22,0,0
BRDA:233,22,1,0
BRDA:239,23,0,0
BRDA:239,23,1,0
BRDA:245,24,0,0
BRDA:245,24,1,0
BRDA:248,25,0,0
BRDA:248,25,1,0
BRDA:259,26,0,0
BRDA:259,26,1,0
BRF:57
BRH:0
end_of_record
TN:
SF:src/components/AnimatedButton.tsx
FN:26,(anonymous_0)
FN:46,(anonymous_1)
FN:61,(anonymous_2)
FN:69,(anonymous_3)
FN:77,(anonymous_4)
FN:83,(anonymous_5)
FN:88,(anonymous_6)
FN:92,(anonymous_7)
FN:105,(anonymous_8)
FN:118,(anonymous_9)
FN:131,(anonymous_10)
FNF:11
FNH:0
FNDA:0,(anonymous_0)
FNDA:0,(anonymous_1)
FNDA:0,(anonymous_2)
FNDA:0,(anonymous_3)
FNDA:0,(anonymous_4)
FNDA:0,(anonymous_5)
FNDA:0,(anonymous_6)
FNDA:0,(anonymous_7)
FNDA:0,(anonymous_8)
FNDA:0,(anonymous_9)
FNDA:0,(anonymous_10)
DA:25,0
DA:41,0
DA:42,0
DA:43,0
DA:46,0
DA:47,0
DA:48,0
DA:57,0
DA:61,0
DA:62,0
DA:66,0
DA:69,0
DA:70,0
DA:74,0
DA:77,0
DA:78,0
DA:79,0
DA:83,0
DA:88,0
DA:92,0
DA:93,0
DA:95,0
DA:97,0
DA:99,0
DA:101,0
DA:105,0
DA:106,0
DA:108,0
DA:110,0
DA:112,0
DA:114,0
DA:118,0
DA:119,0
DA:121,0
DA:123,0
DA:125,0
DA:127,0
DA:131,0
DA:132,0
DA:134,0
DA:136,0
DA:138,0
DA:140,0
DA:144,0
DA:181,0
LF:45
LH:0
BRDA:29,0,0,0
BRDA:30,1,0,0
BRDA:31,2,0,0
BRDA:32,3,0,0
BRDA:47,4,0,0
BRDA:47,4,1,0
BRDA:78,5,0,0
BRDA:78,5,1,0
BRDA:78,6,0,0
BRDA:78,6,1,0
BRDA:78,6,2,0
BRDA:93,7,0,0
BRDA:93,7,1,0
BRDA:93,7,2,0
BRDA:93,7,3,0
BRDA:106,8,0,0
BRDA:106,8,1,0
BRDA:106,8,2,0
BRDA:106,8,3,0
BRDA:119,9,0,0
BRDA:119,9,1,0
BRDA:119,9,2,0
BRDA:119,9,3,0
BRDA:132,10,0,0
BRDA:132,10,1,0
BRDA:132,10,2,0
BRDA:132,10,3,0
BRDA:151,11,0,0
BRDA:151,11,1,0
BRDA:156,12,0,0
BRDA:156,12,1,0
BRDA:156,12,2,0
BRDA:162,13,0,0
BRDA:162,13,1,0
BRDA:165,14,0,0
BRDA:165,14,1,0
BRF:36
BRH:0
end_of_record
TN:
SF:src/components/AnimatedInput.tsx
FN:29,(anonymous_0)
FN:51,(anonymous_1)
FN:60,(anonymous_2)
FN:69,(anonymous_3)
FN:74,(anonymous_4)
FN:90,(anonymous_5)
FN:102,(anonymous_6)
FNF:7
FNH:0
FNDA:0,(anonymous_0)
FNDA:0,(anonymous_1)
FNDA:0,(anonymous_2)
FNDA:0,(anonymous_3)
FNDA:0,(anonymous_4)
FNDA:0,(anonymous_5)
FNDA:0,(anonymous_6)
DA:14,0
DA:28,0
DA:46,0
DA:47,0
DA:48,0
DA:49,0
DA:51,0
DA:52,0
DA:53,0
DA:57,0
DA:60,0
DA:61,0
DA:62,0
DA:66,0
DA:69,0
DA:70,0
DA:74,0
DA:90,0
DA:102,0
DA:111,0
DA:176,0
LF:21
LH:0
BRDA:70,0,0,0
BRDA:70,0,1,0
BRDA:78,1,0,0
BRDA:78,1,1,0
BRDA:78,2,0,0
BRDA:78,2,1,0
BRDA:82,3,0,0
BRDA:82,3,1,0
BRDA:94,4,0,0
BRDA:94,4,1,0
BRDA:106,5,0,0
BRDA:106,5,1,0
BRDA:113,6,0,0
BRDA:113,6,1,0
BRDA:131,7,0,0
BRDA:131,7,1,0
BRDA:133,8,0,0
BRDA:133,8,1,0
BRDA:145,9,0,0
BRDA:145,9,1,0
BRDA:146,10,0,0
BRDA:146,10,1,0
BRDA:155,11,0,0
BRDA:155,11,1,0
BRDA:157,12,0,0
BRDA:157,12,1,0
BRDA:166,13,0,0
BRDA:166,13,1,0
BRF:28
BRH:0
end_of_record
TN:
SF:src/components/AppOpenAdHandler.tsx
FN:13,(anonymous_0)
FN:18,(anonymous_1)
FN:23,(anonymous_2)
FN:49,(anonymous_3)
FNF:4
FNH:0
FNDA:0,(anonymous_0)
FNDA:0,(anonymous_1)
FNDA:0,(anonymous_2)
FNDA:0,(anonymous_3)
DA:13,0
DA:14,0
DA:15,0
DA:16,0
DA:18,0
DA:19,0
DA:20,0
DA:23,0
DA:24,0
DA:25,0
DA:28,0
DA:29,0
DA:30,0
DA:34,0
DA:35,0
DA:36,0
DA:42,0
DA:43,0
DA:47,0
DA:49,0
DA:50,0
DA:55,0
LF:22
LH:0
BRDA:19,0,0,0
BRDA:19,0,1,0
BRDA:19,1,0,0
BRDA:19,1,1,0
BRDA:28,2,0,0
BRDA:28,2,1,0
BRDA:28,3,0,0
BRDA:28,3,1,0
BRDA:34,4,0,0
BRDA:34,4,1,0
BRDA:42,5,0,0
BRDA:42,5,1,0
BRF:12
BRH:0
end_of_record
TN:
SF:src/components/AsyncErrorBoundary.tsx
FN:21,(anonymous_0)
FN:26,(anonymous_1)
FN:30,(anonymous_2)
FN:34,(anonymous_3)
FN:52,(anonymous_4)
FNF:5
FNH:0
FNDA:0,(anonymous_0)
FNDA:0,(anonymous_1)
FNDA:0,(anonymous_2)
FNDA:0,(anonymous_3)
FNDA:0,(anonymous_4)
DA:22,0
DA:23,0
DA:27,0
DA:31,0
DA:34,0
DA:35,0
DA:36,0
DA:37,0
DA:38,0
DA:39,0
DA:41,0
DA:48,0
DA:53,0
DA:54,0
DA:99,0
LF:15
LH:0
BRDA:35,0,0,0
BRDA:35,0,1,0
BRDA:43,1,0,0
BRDA:43,1,1,0
BRDA:53,2,0,0
BRDA:53,2,1,0
BRDA:62,3,0,0
BRDA:62,3,1,0
BRDA:66,4,0,0
BRDA:66,4,1,0
BRDA:72,5,0,0
BRDA:72,5,1,0
BRDA:77,6,0,0
BRDA:77,6,1,0
BRDA:83,7,0,0
BRDA:83,7,1,0
BRDA:87,8,0,0
BRDA:87,8,1,0
BRDA:87,8,2,0
BRF:19
BRH:0
end_of_record
TN:
SF:src/components/AudioControls.tsx
FN:31,(anonymous_0)
FN:74,(anonymous_1)
FN:79,(anonymous_2)
FN:86,(anonymous_3)
FN:90,(anonymous_4)
FN:94,(anonymous_5)
FN:98,(anonymous_6)
FN:107,(anonymous_7)
FN:112,(anonymous_8)
FN:118,(anonymous_9)
FN:124,(anonymous_10)
FN:129,(anonymous_11)
FN:136,(anonymous_12)
FNF:13
FNH:0
FNDA:0,(anonymous_0)
FNDA:0,(anonymous_1)
FNDA:0,(anonymous_2)
FNDA:0,(anonymous_3)
FNDA:0,(anonymous_4)
FNDA:0,(anonymous_5)
FNDA:0,(anonymous_6)
FNDA:0,(anonymous_7)
FNDA:0,(anonymous_8)
FNDA:0,(anonymous_9)
FNDA:0,(anonymous_10)
FNDA:0,(anonymous_11)
FNDA:0,(anonymous_12)
DA:29,0
DA:31,0
DA:60,0
DA:69,0
DA:70,0
DA:72,0
DA:74,0
DA:76,0
DA:79,0
DA:80,0
DA:83,0
DA:86,0
DA:87,0
DA:90,0
DA:91,0
DA:94,0
DA:95,0
DA:98,0
DA:99,0
DA:102,0
DA:103,0
DA:104,0
DA:107,0
DA:108,0
DA:109,0
DA:112,0
DA:113,0
DA:118,0
DA:119,0
DA:124,0
DA:125,0
DA:126,0
DA:129,0
DA:130,0
DA:131,0
DA:132,0
DA:133,0
DA:136,0
DA:137,0
DA:138,0
DA:139,0
DA:140,0
DA:143,0
DA:145,0
DA:147,0
DA:148,0
DA:166,0
DA:255,0
LF:48
LH:0
BRDA:34,0,0,0
BRDA:35,1,0,0
BRDA:36,2,0,0
BRDA:37,3,0,0
BRDA:38,4,0,0
BRDA:39,5,0,0
BRDA:40,6,0,0
BRDA:41,7,0,0
BRDA:42,8,0,0
BRDA:46,9,0,0
BRDA:102,10,0,0
BRDA:102,10,1,0
BRDA:125,11,0,0
BRDA:125,11,1,0
BRDA:130,12,0,0
BRDA:130,12,1,0
BRDA:131,13,0,0
BRDA:131,13,1,0
BRDA:132,14,0,0
BRDA:132,14,1,0
BRDA:137,15,0,0
BRDA:137,15,1,0
BRDA:137,16,0,0
BRDA:137,16,1,0
BRDA:143,17,0,0
BRDA:143,17,1,0
BRDA:145,18,0,0
BRDA:145,18,1,0
BRDA:147,19,0,0
BRDA:147,19,1,0
BRDA:184,20,0,0
BRDA:184,20,1,0
BRDA:191,21,0,0
BRDA:191,21,1,0
BRDA:199,22,0,0
BRDA:199,22,1,0
BRDA:213,23,0,0
BRDA:213,23,1,0
BRDA:233,24,0,0
BRDA:233,24,1,0
BRF:40
BRH:0
end_of_record
TN:
SF:src/components/AuthErrorTestScreen.tsx
FN:8,(anonymous_0)
FN:12,(anonymous_1)
FN:13,(anonymous_2)
FN:16,(anonymous_3)
FN:26,(anonymous_4)
FN:36,(anonymous_5)
FN:46,(anonymous_6)
FN:56,(anonymous_7)
FN:66,(anonymous_8)
FN:70,(anonymous_9)
FN:75,(anonymous_10)
FN:78,(anonymous_11)
FN:81,(anonymous_12)
FN:84,(anonymous_13)
FN:167,(anonymous_14)
FNF:15
FNH:0
FNDA:0,(anonymous_0)
FNDA:0,(anonymous_1)
FNDA:0,(anonymous_2)
FNDA:0,(anonymous_3)
FNDA:0,(anonymous_4)
FNDA:0,(anonymous_5)
FNDA:0,(anonymous_6)
FNDA:0,(anonymous_7)
FNDA:0,(anonymous_8)
FNDA:0,(anonymous_9)
FNDA:0,(anonymous_10)
FNDA:0,(anonymous_11)
FNDA:0,(anonymous_12)
FNDA:0,(anonymous_13)
FNDA:0,(anonymous_14)
DA:8,0
DA:9,0
DA:10,0
DA:12,0
DA:13,0
DA:16,0
DA:17,0
DA:18,0
DA:19,0
DA:20,0
DA:22,0
DA:26,0
DA:27,0
DA:28,0
DA:29,0
DA:30,0
DA:32,0
DA:36,0
DA:37,0
DA:38,0
DA:39,0
DA:40,0
DA:42,0
DA:46,0
DA:47,0
DA:48,0
DA:49,0
DA:50,0
DA:52,0
DA:56,0
DA:57,0
DA:58,0
DA:59,0
DA:60,0
DA:62,0
DA:66,0
DA:67,0
DA:70,0
DA:71,0
DA:72,0
DA:74,0
DA:75,0
DA:77,0
DA:78,0
DA:80,0
DA:81,0
DA:83,0
DA:84,0
DA:86,0
DA:88,0
DA:89,0
DA:92,0
DA:168,0
LF:53
LH:0
BRDA:164,0,0,0
BRDA:164,0,1,0
BRF:2
BRH:0
end_of_record
TN:
SF:src/components/AuthRequiredScreen.tsx
FN:15,(anonymous_0)
FN:25,(anonymous_1)
FN:33,(anonymous_2)
FNF:3
FNH:0
FNDA:0,(anonymous_0)
FNDA:0,(anonymous_1)
FNDA:0,(anonymous_2)
DA:15,0
DA:22,0
DA:23,0
DA:25,0
DA:26,0
DA:27,0
DA:29,0
DA:33,0
DA:34,0
DA:35,0
DA:37,0
DA:41,0
DA:78,0
LF:13
LH:0
BRDA:16,0,0,0
BRDA:17,1,0,0
BRDA:18,2,0,0
BRDA:26,3,0,0
BRDA:26,3,1,0
BRDA:34,4,0,0
BRDA:34,4,1,0
BRDA:62,5,0,0
BRDA:62,5,1,0
BRF:9
BRH:0
end_of_record
TN:
SF:src/components/BottomSheet.tsx
FN:30,(anonymous_0)
FN:38,(anonymous_1)
FN:55,(anonymous_2)
FN:67,(anonymous_3)
FN:73,(anonymous_4)
FN:84,(anonymous_5)
FN:92,(anonymous_6)
FN:93,(anonymous_7)
FN:94,(anonymous_8)
FN:99,(anonymous_9)
FNF:10
FNH:0
FNDA:0,(anonymous_0)
FNDA:0,(anonymous_1)
FNDA:0,(anonymous_2)
FNDA:0,(anonymous_3)
FNDA:0,(anonymous_4)
FNDA:0,(anonymous_5)
FNDA:0,(anonymous_6)
FNDA:0,(anonymous_7)
FNDA:0,(anonymous_8)
FNDA:0,(anonymous_9)
DA:13,0
DA:29,0
DA:31,0
DA:32,0
DA:33,0
DA:34,0
DA:36,0
DA:38,0
DA:39,0
DA:40,0
DA:55,0
DA:56,0
DA:68,0
DA:69,0
DA:73,0
DA:74,0
DA:75,0
DA:76,0
DA:77,0
DA:84,0
DA:90,0
DA:92,0
DA:93,0
DA:95,0
DA:96,0
DA:100,0
DA:101,0
DA:103,0
DA:112,0
DA:157,0
LF:30
LH:0
BRDA:30,0,0,0
BRDA:30,1,0,0
BRDA:30,2,0,0
BRDA:36,3,0,0
BRDA:36,3,1,0
BRDA:36,3,2,0
BRDA:74,4,0,0
BRDA:74,4,1,0
BRDA:74,5,0,0
BRDA:74,5,1,0
BRDA:74,5,2,0
BRDA:95,6,0,0
BRDA:95,6,1,0
BRDA:100,7,0,0
BRDA:100,7,1,0
BRDA:100,8,0,0
BRDA:100,8,1,0
BRDA:114,9,0,0
BRDA:114,9,1,0
BRF:19
BRH:0
end_of_record
TN:
SF:src/components/ChatInput.tsx
FN:41,ChatInput
FN:54,(anonymous_1)
FN:65,(anonymous_2)
FN:69,(anonymous_3)
FN:77,(anonymous_4)
FN:86,(anonymous_5)
FN:95,(anonymous_6)
FN:96,(anonymous_7)
FN:99,(anonymous_8)
FN:116,(anonymous_9)
FN:132,(anonymous_10)
FN:152,(anonymous_11)
FN:156,(anonymous_12)
FN:159,(anonymous_13)
FN:163,(anonymous_14)
FN:168,(anonymous_15)
FN:194,(anonymous_16)
FN:195,(anonymous_17)
FNF:18
FNH:0
FNDA:0,ChatInput
FNDA:0,(anonymous_1)
FNDA:0,(anonymous_2)
FNDA:0,(anonymous_3)
FNDA:0,(anonymous_4)
FNDA:0,(anonymous_5)
FNDA:0,(anonymous_6)
FNDA:0,(anonymous_7)
FNDA:0,(anonymous_8)
FNDA:0,(anonymous_9)
FNDA:0,(anonymous_10)
FNDA:0,(anonymous_11)
FNDA:0,(anonymous_12)
FNDA:0,(anonymous_13)
FNDA:0,(anonymous_14)
FNDA:0,(anonymous_15)
FNDA:0,(anonymous_16)
FNDA:0,(anonymous_17)
DA:18,0
DA:42,0
DA:43,0
DA:44,0
DA:45,0
DA:46,0
DA:48,0
DA:49,0
DA:50,0
DA:51,0
DA:52,0
DA:54,0
DA:55,0
DA:58,0
DA:59,0
DA:60,0
DA:62,0
DA:63,0
DA:64,0
DA:65,0
DA:69,0
DA:70,0
DA:71,0
DA:72,0
DA:73,0
DA:74,0
DA:77,0
DA:78,0
DA:79,0
DA:80,0
DA:81,0
DA:82,0
DA:86,0
DA:87,0
DA:88,0
DA:89,0
DA:90,0
DA:91,0
DA:95,0
DA:96,0
DA:99,0
DA:100,0
DA:107,0
DA:108,0
DA:113,0
DA:116,0
DA:117,0
DA:123,0
DA:124,0
DA:129,0
DA:132,0
DA:133,0
DA:134,0
DA:140,0
DA:141,0
DA:147,0
DA:149,0
DA:152,0
DA:153,0
DA:155,0
DA:156,0
DA:159,0
DA:163,0
DA:168,0
DA:173,0
DA:195,0
LF:66
LH:0
BRDA:62,0,0,0
BRDA:62,0,1,0
BRDA:64,1,0,0
BRDA:64,1,1,0
BRDA:71,2,0,0
BRDA:71,2,1,0
BRDA:79,3,0,0
BRDA:79,3,1,0
BRDA:80,4,0,0
BRDA:80,4,1,0
BRDA:88,5,0,0
BRDA:88,5,1,0
BRDA:89,6,0,0
BRDA:89,6,1,0
BRDA:107,7,0,0
BRDA:107,7,1,0
BRDA:107,8,0,0
BRDA:107,8,1,0
BRDA:110,9,0,0
BRDA:110,9,1,0
BRDA:123,10,0,0
BRDA:123,10,1,0
BRDA:123,11,0,0
BRDA:123,11,1,0
BRDA:140,12,0,0
BRDA:140,12,1,0
BRDA:140,13,0,0
BRDA:140,13,1,0
BRDA:176,14,0,0
BRDA:176,14,1,0
BRDA:191,15,0,0
BRDA:191,15,1,0
BRDA:204,16,0,0
BRDA:204,16,1,0
BRDA:227,17,0,0
BRDA:227,17,1,0
BRDA:250,18,0,0
BRDA:250,18,1,0
BRDA:254,19,0,0
BRDA:254,19,1,0
BRDA:262,20,0,0
BRDA:262,20,1,0
BRDA:267,21,0,0
BRDA:267,21,1,0
BRF:44
BRH:0
end_of_record
TN:
SF:src/components/ChatRoomCard.tsx
FN:16,ChatRoomCard
FN:21,(anonymous_1)
FNF:2
FNH:0
FNDA:0,ChatRoomCard
FNDA:0,(anonymous_1)
DA:10,0
DA:17,0
DA:18,0
DA:20,0
DA:21,0
LF:5
LH:0
BRDA:32,0,0,0
BRDA:32,0,1,0
BRDA:37,1,0,0
BRDA:37,1,1,0
BRDA:44,2,0,0
BRDA:44,2,1,0
BRF:6
BRH:0
end_of_record
TN:
SF:src/components/ChatroomFixTestButton.tsx
FN:22,TestResults
FN:41,(anonymous_1)
FN:60,(anonymous_2)
FN:83,ChatroomFixTestButton
FN:89,(anonymous_4)
FN:112,(anonymous_5)
FN:119,(anonymous_6)
FNF:7
FNH:0
FNDA:0,TestResults
FNDA:0,(anonymous_1)
FNDA:0,(anonymous_2)
FNDA:0,ChatroomFixTestButton
FNDA:0,(anonymous_4)
FNDA:0,(anonymous_5)
FNDA:0,(anonymous_6)
DA:23,0
DA:42,0
DA:61,0
DA:84,0
DA:85,0
DA:86,0
DA:87,0
DA:89,0
DA:90,0
DA:91,0
DA:93,0
DA:94,0
DA:95,0
DA:98,0
DA:104,0
DA:108,0
DA:112,0
DA:113,0
DA:114,0
DA:115,0
DA:116,0
DA:118,0
DA:119,0
DA:120,0
DA:124,0
LF:25
LH:0
BRDA:33,0,0,0
BRDA:33,0,1,0
BRDA:45,1,0,0
BRDA:45,1,1,0
BRDA:47,2,0,0
BRDA:47,2,1,0
BRDA:52,3,0,0
BRDA:52,3,1,0
BRDA:64,4,0,0
BRDA:64,4,1,0
BRDA:66,5,0,0
BRDA:66,5,1,0
BRDA:71,6,0,0
BRDA:71,6,1,0
BRDA:104,7,0,0
BRDA:104,7,1,0
BRDA:113,8,0,0
BRDA:113,8,1,0
BRDA:113,9,0,0
BRDA:113,9,1,0
BRDA:138,10,0,0
BRDA:138,10,1,0
BRDA:142,11,0,0
BRDA:142,11,1,0
BRDA:148,12,0,0
BRDA:148,12,1,0
BRDA:151,13,0,0
BRDA:151,13,1,0
BRDA:152,14,0,0
BRDA:152,14,1,0
BRDA:157,15,0,0
BRDA:157,15,1,0
BRF:32
BRH:0
end_of_record
TN:
SF:src/components/ChatroomTestButton.tsx
FN:11,(anonymous_0)
FN:17,(anonymous_1)
FN:31,(anonymous_2)
FN:35,(anonymous_3)
FN:39,(anonymous_4)
FN:54,(anonymous_5)
FN:64,(anonymous_6)
FN:85,(anonymous_7)
FN:112,(anonymous_8)
FNF:9
FNH:0
FNDA:0,(anonymous_0)
FNDA:0,(anonymous_1)
FNDA:0,(anonymous_2)
FNDA:0,(anonymous_3)
FNDA:0,(anonymous_4)
FNDA:0,(anonymous_5)
FNDA:0,(anonymous_6)
FNDA:0,(anonymous_7)
FNDA:0,(anonymous_8)
DA:11,0
DA:12,0
DA:13,0
DA:14,0
DA:15,0
DA:17,0
DA:18,0
DA:19,0
DA:20,0
DA:21,0
DA:22,0
DA:23,0
DA:25,0
DA:27,0
DA:31,0
DA:32,0
DA:35,0
DA:36,0
DA:39,0
DA:40,0
DA:42,0
DA:54,0
DA:64,0
DA:86,0
DA:112,0
LF:25
LH:0
BRDA:32,0,0,0
BRDA:32,0,1,0
BRDA:36,1,0,0
BRDA:36,1,1,0
BRDA:48,2,0,0
BRDA:48,2,1,0
BRDA:50,3,0,0
BRDA:50,3,1,0
BRDA:51,4,0,0
BRDA:51,4,1,0
BRDA:77,5,0,0
BRDA:77,5,1,0
BRDA:78,6,0,0
BRDA:78,6,1,0
BRDA:97,7,0,0
BRDA:97,7,1,0
BRDA:102,8,0,0
BRDA:102,8,1,0
BRF:18
BRH:0
end_of_record
TN:
SF:src/components/CommentInput.tsx
FN:16,CommentInput
FN:29,(anonymous_1)
FN:103,(anonymous_2)
FN:104,(anonymous_3)
FNF:4
FNH:0
FNDA:0,CommentInput
FNDA:0,(anonymous_1)
FNDA:0,(anonymous_2)
FNDA:0,(anonymous_3)
DA:24,0
DA:25,0
DA:26,0
DA:27,0
DA:29,0
DA:30,0
DA:31,0
DA:32,0
DA:33,0
DA:34,0
DA:35,0
DA:36,0
DA:44,0
DA:47,0
DA:48,0
DA:73,0
DA:103,0
DA:104,0
LF:18
LH:0
BRDA:18,0,0,0
BRDA:19,1,0,0
BRDA:30,2,0,0
BRDA:30,2,1,0
BRDA:30,3,0,0
BRDA:30,3,1,0
BRDA:30,3,2,0
BRDA:35,4,0,0
BRDA:35,4,1,0
BRDA:44,5,0,0
BRDA:44,5,1,0
BRDA:44,5,2,0
BRDA:47,6,0,0
BRDA:47,6,1,0
BRDA:76,7,0,0
BRDA:76,7,1,0
BRDA:110,8,0,0
BRDA:110,8,1,0
BRDA:113,9,0,0
BRDA:113,9,1,0
BRDA:125,10,0,0
BRDA:125,10,1,0
BRDA:127,11,0,0
BRDA:127,11,1,0
BRDA:130,12,0,0
BRDA:130,12,1,0
BRF:26
BRH:0
end_of_record
TN:
SF:src/components/CommentSection.tsx
FN:25,CommentItem
FN:29,(anonymous_1)
FN:79,(anonymous_2)
FN:92,(anonymous_3)
FN:106,(anonymous_4)
FN:121,(anonymous_5)
FN:134,(anonymous_6)
FN:142,(anonymous_7)
FN:148,(anonymous_8)
FN:167,CommentSection
FN:177,(anonymous_10)
FN:190,(anonymous_11)
FN:216,(anonymous_12)
FN:250,(anonymous_13)
FNF:14
FNH:0
FNDA:0,CommentItem
FNDA:0,(anonymous_1)
FNDA:0,(anonymous_2)
FNDA:0,(anonymous_3)
FNDA:0,(anonymous_4)
FNDA:0,(anonymous_5)
FNDA:0,(anonymous_6)
FNDA:0,(anonymous_7)
FNDA:0,(anonymous_8)
FNDA:0,CommentSection
FNDA:0,(anonymous_10)
FNDA:0,(anonymous_11)
FNDA:0,(anonymous_12)
FNDA:0,(anonymous_13)
DA:26,0
DA:27,0
DA:29,0
DA:30,0
DA:31,0
DA:32,0
DA:33,0
DA:34,0
DA:36,0
DA:37,0
DA:38,0
DA:39,0
DA:40,0
DA:42,0
DA:43,0
DA:47,0
DA:48,0
DA:57,0
DA:79,0
DA:92,0
DA:106,0
DA:121,0
DA:134,0
DA:142,0
DA:149,0
DA:175,0
DA:177,0
DA:178,0
DA:190,0
DA:191,0
DA:209,0
DA:210,0
DA:217,0
DA:227,0
DA:228,0
DA:241,0
DA:250,0
LF:37
LH:0
BRDA:25,0,0,0
BRDA:30,1,0,0
BRDA:30,1,1,0
BRDA:30,2,0,0
BRDA:30,2,1,0
BRDA:31,3,0,0
BRDA:31,3,1,0
BRDA:31,4,0,0
BRDA:31,4,1,0
BRDA:36,5,0,0
BRDA:36,5,1,0
BRDA:38,6,0,0
BRDA:38,6,1,0
BRDA:39,7,0,0
BRDA:39,7,1,0
BRDA:47,8,0,0
BRDA:47,8,1,0
BRDA:49,9,0,0
BRDA:49,9,1,0
BRDA:59,10,0,0
BRDA:59,10,1,0
BRDA:60,11,0,0
BRDA:60,11,1,0
BRDA:94,12,0,0
BRDA:94,12,1,0
BRDA:96,13,0,0
BRDA:96,13,1,0
BRDA:98,14,0,0
BRDA:98,14,1,0
BRDA:108,15,0,0
BRDA:108,15,1,0
BRDA:110,16,0,0
BRDA:110,16,1,0
BRDA:112,17,0,0
BRDA:112,17,1,0
BRDA:120,18,0,0
BRDA:120,18,1,0
BRDA:131,19,0,0
BRDA:131,19,1,0
BRDA:131,19,2,0
BRDA:133,20,0,0
BRDA:133,20,1,0
BRDA:137,21,0,0
BRDA:137,21,1,0
BRDA:186,22,0,0
BRDA:186,22,1,0
BRDA:209,23,0,0
BRDA:209,23,1,0
BRDA:219,24,0,0
BRDA:219,24,1,0
BRDA:227,25,0,0
BRDA:227,25,1,0
BRF:52
BRH:0
end_of_record
TN:
SF:src/components/ComponentErrorBoundary.tsx
FN:20,(anonymous_0)
FN:25,(anonymous_1)
FN:29,(anonymous_2)
FN:33,(anonymous_3)
FN:38,(anonymous_4)
FNF:5
FNH:0
FNDA:0,(anonymous_0)
FNDA:0,(anonymous_1)
FNDA:0,(anonymous_2)
FNDA:0,(anonymous_3)
FNDA:0,(anonymous_4)
DA:21,0
DA:22,0
DA:26,0
DA:30,0
DA:33,0
DA:34,0
DA:35,0
DA:39,0
DA:41,0
DA:42,0
DA:46,0
DA:75,0
LF:12
LH:0
BRDA:39,0,0,0
BRDA:39,0,1,0
BRDA:41,1,0,0
BRDA:41,1,1,0
BRDA:58,2,0,0
BRDA:58,2,1,0
BRDA:64,3,0,0
BRDA:64,3,1,0
BRDA:64,3,2,0
BRF:9
BRH:0
end_of_record
TN:
SF:src/components/ConfirmationModal.tsx
FN:19,ConfirmationModal
FN:34,(anonymous_1)
FN:45,(anonymous_2)
FN:49,(anonymous_3)
FN:54,(anonymous_4)
FN:66,(anonymous_5)
FNF:6
FNH:0
FNDA:0,ConfirmationModal
FNDA:0,(anonymous_1)
FNDA:0,(anonymous_2)
FNDA:0,(anonymous_3)
FNDA:0,(anonymous_4)
FNDA:0,(anonymous_5)
DA:30,0
DA:31,0
DA:32,0
DA:34,0
DA:35,0
DA:36,0
DA:37,0
DA:39,0
DA:40,0
DA:45,0
DA:49,0
DA:54,0
DA:55,0
DA:57,0
DA:59,0
DA:62,0
DA:66,0
DA:67,0
DA:69,0
DA:71,0
DA:74,0
DA:78,0
LF:22
LH:0
BRDA:23,0,0,0
BRDA:24,1,0,0
BRDA:25,2,0,0
BRDA:26,3,0,0
BRDA:35,4,0,0
BRDA:35,4,1,0
BRDA:55,5,0,0
BRDA:55,5,1,0
BRDA:55,5,2,0
BRDA:55,5,3,0
BRDA:67,6,0,0
BRDA:67,6,1,0
BRDA:67,6,2,0
BRDA:67,6,3,0
BRF:14
BRH:0
end_of_record
TN:
SF:src/components/CreateTabButton.tsx
FN:13,(anonymous_0)
FNF:1
FNH:0
FNDA:0,(anonymous_0)
DA:13,0
DA:19,0
DA:21,0
DA:45,0
LF:4
LH:0
BRDA:16,0,0,0
BRDA:17,1,0,0
BRF:2
BRH:0
end_of_record
TN:
SF:src/components/CustomTabBar.tsx
FN:8,CustomTabBar
FNF:1
FNH:0
FNDA:0,CustomTabBar
DA:8,0
DA:9,0
DA:11,0
LF:3
LH:0
BRF:0
BRH:0
end_of_record
TN:
SF:src/components/DistanceFilter.tsx
FN:19,DistanceFilter
FN:22,(anonymous_1)
FN:27,(anonymous_2)
FN:29,(anonymous_3)
FN:45,(anonymous_4)
FN:62,(anonymous_5)
FN:69,(anonymous_6)
FN:91,(anonymous_7)
FNF:8
FNH:0
FNDA:0,DistanceFilter
FNDA:0,(anonymous_1)
FNDA:0,(anonymous_2)
FNDA:0,(anonymous_3)
FNDA:0,(anonymous_4)
FNDA:0,(anonymous_5)
FNDA:0,(anonymous_6)
FNDA:0,(anonymous_7)
DA:10,0
DA:20,0
DA:22,0
DA:23,0
DA:24,0
DA:27,0
DA:28,0
DA:29,0
DA:41,0
DA:45,0
DA:62,0
DA:69,0
DA:91,0
LF:13
LH:0
BRDA:37,0,0,0
BRDA:37,0,1,0
BRDA:48,1,0,0
BRDA:48,1,1,0
BRDA:53,2,0,0
BRDA:53,2,1,0
BRF:6
BRH:0
end_of_record
TN:
SF:src/components/EmojiPicker.tsx
FN:146,(anonymous_0)
FN:151,(anonymous_1)
FN:157,(anonymous_2)
FN:162,(anonymous_3)
FN:168,(anonymous_4)
FN:174,(anonymous_5)
FN:224,(anonymous_6)
FN:227,(anonymous_7)
FN:242,(anonymous_8)
FN:245,(anonymous_9)
FNF:10
FNH:0
FNDA:0,(anonymous_0)
FNDA:0,(anonymous_1)
FNDA:0,(anonymous_2)
FNDA:0,(anonymous_3)
FNDA:0,(anonymous_4)
FNDA:0,(anonymous_5)
FNDA:0,(anonymous_6)
FNDA:0,(anonymous_7)
FNDA:0,(anonymous_8)
FNDA:0,(anonymous_9)
DA:14,0
DA:146,0
DA:147,0
DA:148,0
DA:149,0
DA:151,0
DA:152,0
DA:153,0
DA:154,0
DA:157,0
DA:158,0
DA:159,0
DA:162,0
DA:163,0
DA:165,0
DA:168,0
DA:170,0
DA:174,0
DA:175,0
DA:177,0
DA:179,0
DA:181,0
DA:183,0
DA:185,0
DA:187,0
DA:191,0
DA:225,0
DA:227,0
DA:243,0
DA:245,0
LF:30
LH:0
BRDA:163,0,0,0
BRDA:163,0,1,0
BRDA:165,1,0,0
BRDA:165,1,1,0
BRDA:175,2,0,0
BRDA:175,2,1,0
BRDA:175,2,2,0
BRDA:175,2,3,0
BRDA:175,2,4,0
BRDA:175,2,5,0
BRDA:233,3,0,0
BRDA:233,3,1,0
BRF:12
BRH:0
end_of_record
TN:
SF:src/components/EmptyState.tsx
FN:14,EmptyState
FNF:1
FNH:0
FNDA:0,EmptyState
DA:22,0
LF:1
LH:0
BRDA:15,0,0,0
BRDA:20,1,0,0
BRDA:32,2,0,0
BRDA:32,2,1,0
BRDA:32,2,2,0
BRF:5
BRH:0
end_of_record
TN:
SF:src/components/EnhancedChatRoomCard.tsx
FN:45,EnhancedChatRoomCard
FN:64,(anonymous_1)
FN:71,(anonymous_2)
FN:73,(anonymous_3)
FN:80,(anonymous_4)
FN:84,(anonymous_5)
FN:88,(anonymous_6)
FN:92,(anonymous_7)
FN:97,(anonymous_8)
FN:104,(anonymous_9)
FN:109,(anonymous_10)
FNF:11
FNH:0
FNDA:0,EnhancedChatRoomCard
FNDA:0,(anonymous_1)
FNDA:0,(anonymous_2)
FNDA:0,(anonymous_3)
FNDA:0,(anonymous_4)
FNDA:0,(anonymous_5)
FNDA:0,(anonymous_6)
FNDA:0,(anonymous_7)
FNDA:0,(anonymous_8)
FNDA:0,(anonymous_9)
FNDA:0,(anonymous_10)
DA:24,0
DA:53,0
DA:56,0
DA:57,0
DA:58,0
DA:59,0
DA:61,0
DA:64,0
DA:65,0
DA:66,0
DA:71,0
DA:72,0
DA:73,0
DA:74,0
DA:80,0
DA:81,0
DA:84,0
DA:85,0
DA:88,0
DA:89,0
DA:92,0
DA:97,0
DA:98,0
DA:99,0
DA:104,0
DA:105,0
DA:106,0
DA:109,0
DA:110,0
DA:111,0
DA:112,0
DA:113,0
DA:116,0
LF:33
LH:0
BRDA:48,0,0,0
BRDA:49,1,0,0
BRDA:50,2,0,0
BRDA:51,3,0,0
BRDA:61,4,0,0
BRDA:61,4,1,0
BRDA:72,5,0,0
BRDA:72,5,1,0
BRDA:105,6,0,0
BRDA:105,6,1,0
BRDA:110,7,0,0
BRDA:110,7,1,0
BRDA:110,8,0,0
BRDA:110,8,1,0
BRDA:111,9,0,0
BRDA:111,9,1,0
BRDA:112,10,0,0
BRDA:112,10,1,0
BRDA:130,11,0,0
BRDA:130,11,1,0
BRDA:133,12,0,0
BRDA:133,12,1,0
BRDA:164,13,0,0
BRDA:164,13,1,0
BRDA:179,14,0,0
BRDA:179,14,1,0
BRDA:181,15,0,0
BRDA:181,15,1,0
BRDA:193,16,0,0
BRDA:193,16,1,0
BRDA:201,17,0,0
BRDA:201,17,1,0
BRDA:212,18,0,0
BRDA:212,18,1,0
BRDA:229,19,0,0
BRDA:229,19,1,0
BRDA:229,19,2,0
BRF:37
BRH:0
end_of_record
TN:
SF:src/components/EnhancedMessageBubble.tsx
FN:44,(anonymous_0)
FN:67,(anonymous_1)
FN:103,(anonymous_2)
FN:116,(anonymous_3)
FN:131,(anonymous_4)
FN:138,(anonymous_5)
FN:138,(anonymous_6)
FN:197,(anonymous_7)
FN:201,(anonymous_8)
FN:203,(anonymous_9)
FN:212,(anonymous_10)
FN:218,(anonymous_11)
FN:223,(anonymous_12)
FN:228,(anonymous_13)
FN:232,(anonymous_14)
FN:238,(anonymous_15)
FN:246,(anonymous_16)
FN:253,(anonymous_17)
FN:296,(anonymous_18)
FN:377,(anonymous_19)
FN:556,(anonymous_20)
FN:589,(anonymous_21)
FN:593,(anonymous_22)
FN:594,(anonymous_23)
FN:622,(anonymous_24)
FN:623,(anonymous_25)
FN:628,(anonymous_26)
FNF:27
FNH:0
FNDA:0,(anonymous_0)
FNDA:0,(anonymous_1)
FNDA:0,(anonymous_2)
FNDA:0,(anonymous_3)
FNDA:0,(anonymous_4)
FNDA:0,(anonymous_5)
FNDA:0,(anonymous_6)
FNDA:0,(anonymous_7)
FNDA:0,(anonymous_8)
FNDA:0,(anonymous_9)
FNDA:0,(anonymous_10)
FNDA:0,(anonymous_11)
FNDA:0,(anonymous_12)
FNDA:0,(anonymous_13)
FNDA:0,(anonymous_14)
FNDA:0,(anonymous_15)
FNDA:0,(anonymous_16)
FNDA:0,(anonymous_17)
FNDA:0,(anonymous_18)
FNDA:0,(anonymous_19)
FNDA:0,(anonymous_20)
FNDA:0,(anonymous_21)
FNDA:0,(anonymous_22)
FNDA:0,(anonymous_23)
FNDA:0,(anonymous_24)
FNDA:0,(anonymous_25)
FNDA:0,(anonymous_26)
DA:41,0
DA:44,0
DA:46,0
DA:47,0
DA:48,0
DA:49,0
DA:50,0
DA:53,0
DA:54,0
DA:55,0
DA:58,0
DA:59,0
DA:60,0
DA:63,0
DA:66,0
DA:88,0
DA:89,0
DA:90,0
DA:91,0
DA:94,0
DA:95,0
DA:96,0
DA:97,0
DA:101,0
DA:105,0
DA:106,0
DA:107,0
DA:108,0
DA:109,0
DA:110,0
DA:114,0
DA:118,0
DA:119,0
DA:120,0
DA:121,0
DA:122,0
DA:123,0
DA:127,0
DA:128,0
DA:131,0
DA:132,0
DA:133,0
DA:137,0
DA:138,0
DA:139,0
DA:140,0
DA:142,0
DA:143,0
DA:144,0
DA:145,0
DA:146,0
DA:152,0
DA:153,0
DA:160,0
DA:168,0
DA:169,0
DA:170,0
DA:171,0
DA:177,0
DA:178,0
DA:185,0
DA:197,0
DA:198,0
DA:201,0
DA:202,0
DA:203,0
DA:204,0
DA:207,0
DA:208,0
DA:209,0
DA:212,0
DA:213,0
DA:214,0
DA:215,0
DA:218,0
DA:223,0
DA:228,0
DA:229,0
DA:232,0
DA:233,0
DA:234,0
DA:235,0
DA:238,0
DA:239,0
DA:241,0
DA:248,0
DA:249,0
DA:250,0
DA:266,0
DA:267,0
DA:268,0
DA:269,0
DA:277,0
DA:278,0
DA:294,0
DA:296,0
DA:347,0
DA:348,0
DA:349,0
DA:350,0
DA:358,0
DA:359,0
DA:375,0
DA:377,0
DA:462,0
DA:489,0
DA:502,0
DA:557,0
DA:559,0
DA:570,0
DA:571,0
DA:589,0
DA:623,0
DA:629,0
DA:630,0
DA:644,0
LF:116
LH:0
BRDA:46,0,0,0
BRDA:46,0,1,0
BRDA:47,1,0,0
BRDA:47,1,1,0
BRDA:48,2,0,0
BRDA:48,2,1,0
BRDA:49,3,0,0
BRDA:49,3,1,0
BRDA:50,4,0,0
BRDA:50,4,1,0
BRDA:53,5,0,0
BRDA:53,5,1,0
BRDA:54,6,0,0
BRDA:54,6,1,0
BRDA:55,7,0,0
BRDA:55,7,1,0
BRDA:58,8,0,0
BRDA:58,8,1,0
BRDA:59,9,0,0
BRDA:59,9,1,0
BRDA:60,10,0,0
BRDA:60,10,1,0
BRDA:73,11,0,0
BRDA:84,12,0,0
BRDA:101,13,0,0
BRDA:101,13,1,0
BRDA:105,14,0,0
BRDA:105,14,1,0
BRDA:108,15,0,0
BRDA:108,15,1,0
BRDA:109,16,0,0
BRDA:109,16,1,0
BRDA:110,17,0,0
BRDA:110,17,1,0
BRDA:114,18,0,0
BRDA:114,18,1,0
BRDA:118,19,0,0
BRDA:118,19,1,0
BRDA:121,20,0,0
BRDA:121,20,1,0
BRDA:122,21,0,0
BRDA:122,21,1,0
BRDA:123,22,0,0
BRDA:123,22,1,0
BRDA:127,23,0,0
BRDA:127,23,1,0
BRDA:128,24,0,0
BRDA:128,24,1,0
BRDA:128,24,2,0
BRDA:128,24,3,0
BRDA:142,25,0,0
BRDA:142,25,1,0
BRDA:143,26,0,0
BRDA:143,26,1,0
BRDA:143,27,0,0
BRDA:143,27,1,0
BRDA:145,28,0,0
BRDA:145,28,1,0
BRDA:152,29,0,0
BRDA:152,29,1,0
BRDA:168,30,0,0
BRDA:168,30,1,0
BRDA:168,31,0,0
BRDA:168,31,1,0
BRDA:170,32,0,0
BRDA:170,32,1,0
BRDA:177,33,0,0
BRDA:177,33,1,0
BRDA:239,34,0,0
BRDA:239,34,1,0
BRDA:239,34,2,0
BRDA:239,34,3,0
BRDA:239,34,4,0
BRDA:248,35,0,0
BRDA:248,35,1,0
BRDA:248,36,0,0
BRDA:248,36,1,0
BRDA:267,37,0,0
BRDA:267,37,1,0
BRDA:268,38,0,0
BRDA:268,38,1,0
BRDA:277,39,0,0
BRDA:277,39,1,0
BRDA:297,40,0,0
BRDA:297,40,1,0
BRDA:301,41,0,0
BRDA:301,41,1,0
BRDA:306,42,0,0
BRDA:306,42,1,0
BRDA:314,43,0,0
BRDA:314,43,1,0
BRDA:331,44,0,0
BRDA:331,44,1,0
BRDA:335,45,0,0
BRDA:335,45,1,0
BRDA:348,46,0,0
BRDA:348,46,1,0
BRDA:349,47,0,0
BRDA:349,47,1,0
BRDA:358,48,0,0
BRDA:358,48,1,0
BRDA:378,49,0,0
BRDA:378,49,1,0
BRDA:382,50,0,0
BRDA:382,50,1,0
BRDA:422,51,0,0
BRDA:422,51,1,0
BRDA:435,52,0,0
BRDA:435,52,1,0
BRDA:435,52,2,0
BRDA:439,53,0,0
BRDA:439,53,1,0
BRDA:464,54,0,0
BRDA:464,54,1,0
BRDA:469,55,0,0
BRDA:469,55,1,0
BRDA:472,56,0,0
BRDA:472,56,1,0
BRDA:474,57,0,0
BRDA:474,57,1,0
BRDA:478,58,0,0
BRDA:478,58,1,0
BRDA:493,59,0,0
BRDA:493,59,1,0
BRDA:504,60,0,0
BRDA:504,60,1,0
BRDA:506,61,0,0
BRDA:506,61,1,0
BRDA:514,62,0,0
BRDA:514,62,1,0
BRDA:520,63,0,0
BRDA:520,63,1,0
BRDA:520,63,2,0
BRDA:520,63,3,0
BRDA:536,64,0,0
BRDA:536,64,1,0
BRDA:537,65,0,0
BRDA:537,65,1,0
BRDA:550,66,0,0
BRDA:550,66,1,0
BRDA:554,67,0,0
BRDA:554,67,1,0
BRDA:557,68,0,0
BRDA:557,68,1,0
BRDA:557,69,0,0
BRDA:557,69,1,0
BRDA:559,70,0,0
BRDA:559,70,1,0
BRDA:561,71,0,0
BRDA:561,71,1,0
BRDA:561,72,0,0
BRDA:561,72,1,0
BRDA:563,73,0,0
BRDA:563,73,1,0
BRDA:565,74,0,0
BRDA:565,74,1,0
BRDA:567,75,0,0
BRDA:567,75,1,0
BRDA:570,76,0,0
BRDA:570,76,1,0
BRDA:578,77,0,0
BRDA:578,77,1,0
BRDA:578,77,2,0
BRDA:581,78,0,0
BRDA:581,78,1,0
BRDA:586,79,0,0
BRDA:586,79,1,0
BRDA:586,79,2,0
BRDA:589,80,0,0
BRDA:589,80,1,0
BRDA:591,81,0,0
BRDA:591,81,1,0
BRDA:593,82,0,0
BRDA:593,82,1,0
BRDA:594,83,0,0
BRDA:594,83,1,0
BRDA:600,84,0,0
BRDA:600,84,1,0
BRDA:607,85,0,0
BRDA:607,85,1,0
BRF:180
BRH:0
end_of_record
TN:
SF:src/components/EnhancedMessageInput.tsx
FN:34,EnhancedMessageInput
FN:68,(anonymous_1)
FN:77,(anonymous_2)
FN:86,(anonymous_3)
FN:95,(anonymous_4)
FN:109,(anonymous_5)
FN:115,(anonymous_6)
FN:122,(anonymous_7)
FN:138,(anonymous_8)
FN:143,(anonymous_9)
FN:149,(anonymous_10)
FN:154,(anonymous_11)
FN:169,(anonymous_12)
FN:179,(anonymous_13)
FN:229,(anonymous_14)
FN:246,(anonymous_15)
FN:247,(anonymous_16)
FN:255,(anonymous_17)
FN:260,(anonymous_18)
FN:264,(anonymous_19)
FN:327,(anonymous_20)
FN:328,(anonymous_21)
FN:380,(anonymous_22)
FN:383,(anonymous_23)
FN:384,(anonymous_24)
FN:385,(anonymous_25)
FN:386,(anonymous_26)
FN:398,(anonymous_27)
FN:439,(anonymous_28)
FNF:29
FNH:0
FNDA:0,EnhancedMessageInput
FNDA:0,(anonymous_1)
FNDA:0,(anonymous_2)
FNDA:0,(anonymous_3)
FNDA:0,(anonymous_4)
FNDA:0,(anonymous_5)
FNDA:0,(anonymous_6)
FNDA:0,(anonymous_7)
FNDA:0,(anonymous_8)
FNDA:0,(anonymous_9)
FNDA:0,(anonymous_10)
FNDA:0,(anonymous_11)
FNDA:0,(anonymous_12)
FNDA:0,(anonymous_13)
FNDA:0,(anonymous_14)
FNDA:0,(anonymous_15)
FNDA:0,(anonymous_16)
FNDA:0,(anonymous_17)
FNDA:0,(anonymous_18)
FNDA:0,(anonymous_19)
FNDA:0,(anonymous_20)
FNDA:0,(anonymous_21)
FNDA:0,(anonymous_22)
FNDA:0,(anonymous_23)
FNDA:0,(anonymous_24)
FNDA:0,(anonymous_25)
FNDA:0,(anonymous_26)
FNDA:0,(anonymous_27)
FNDA:0,(anonymous_28)
DA:45,0
DA:46,0
DA:47,0
DA:48,0
DA:49,0
DA:50,0
DA:51,0
DA:52,0
DA:53,0
DA:54,0
DA:56,0
DA:57,0
DA:60,0
DA:61,0
DA:62,0
DA:63,0
DA:65,0
DA:68,0
DA:69,0
DA:77,0
DA:78,0
DA:86,0
DA:87,0
DA:95,0
DA:96,0
DA:98,0
DA:99,0
DA:100,0
DA:104,0
DA:105,0
DA:109,0
DA:110,0
DA:111,0
DA:115,0
DA:116,0
DA:118,0
DA:119,0
DA:122,0
DA:123,0
DA:126,0
DA:127,0
DA:128,0
DA:131,0
DA:132,0
DA:134,0
DA:135,0
DA:138,0
DA:139,0
DA:140,0
DA:143,0
DA:144,0
DA:145,0
DA:146,0
DA:149,0
DA:150,0
DA:151,0
DA:154,0
DA:155,0
DA:156,0
DA:157,0
DA:158,0
DA:160,0
DA:161,0
DA:163,0
DA:165,0
DA:169,0
DA:170,0
DA:171,0
DA:173,0
DA:174,0
DA:175,0
DA:176,0
DA:179,0
DA:180,0
DA:181,0
DA:182,0
DA:185,0
DA:187,0
DA:189,0
DA:191,0
DA:193,0
DA:195,0
DA:197,0
DA:199,0
DA:201,0
DA:205,0
DA:206,0
DA:207,0
DA:208,0
DA:209,0
DA:210,0
DA:212,0
DA:213,0
DA:214,0
DA:215,0
DA:216,0
DA:220,0
DA:221,0
DA:223,0
DA:225,0
DA:229,0
DA:230,0
DA:231,0
DA:232,0
DA:234,0
DA:235,0
DA:236,0
DA:237,0
DA:239,0
DA:241,0
DA:246,0
DA:247,0
DA:248,0
DA:249,0
DA:251,0
DA:255,0
DA:260,0
DA:264,0
DA:269,0
DA:270,0
DA:271,0
DA:273,0
DA:327,0
DA:328,0
DA:382,0
DA:383,0
DA:384,0
DA:385,0
DA:386,0
DA:398,0
DA:439,0
LF:131
LH:0
BRDA:39,0,0,0
BRDA:40,1,0,0
BRDA:43,2,0,0
BRDA:65,3,0,0
BRDA:65,3,1,0
BRDA:69,4,0,0
BRDA:69,4,1,0
BRDA:78,5,0,0
BRDA:78,5,1,0
BRDA:87,6,0,0
BRDA:87,6,1,0
BRDA:98,7,0,0
BRDA:98,7,1,0
BRDA:98,8,0,0
BRDA:98,8,1,0
BRDA:104,9,0,0
BRDA:104,9,1,0
BRDA:116,10,0,0
BRDA:116,10,1,0
BRDA:119,11,0,0
BRDA:119,11,1,0
BRDA:131,12,0,0
BRDA:131,12,1,0
BRDA:156,13,0,0
BRDA:156,13,1,0
BRDA:156,14,0,0
BRDA:156,14,1,0
BRDA:174,15,0,0
BRDA:174,15,1,0
BRDA:174,16,0,0
BRDA:174,16,1,0
BRDA:180,17,0,0
BRDA:180,17,1,0
BRDA:182,18,0,0
BRDA:182,18,1,0
BRDA:182,18,2,0
BRDA:182,18,3,0
BRDA:182,18,4,0
BRDA:182,18,5,0
BRDA:182,18,6,0
BRDA:182,18,7,0
BRDA:182,18,8,0
BRDA:182,18,9,0
BRDA:206,19,0,0
BRDA:206,19,1,0
BRDA:208,20,0,0
BRDA:208,20,1,0
BRDA:208,21,0,0
BRDA:208,21,1,0
BRDA:212,22,0,0
BRDA:212,22,1,0
BRDA:214,23,0,0
BRDA:214,23,1,0
BRDA:214,24,0,0
BRDA:214,24,1,0
BRDA:230,25,0,0
BRDA:230,25,1,0
BRDA:234,26,0,0
BRDA:234,26,1,0
BRDA:236,27,0,0
BRDA:236,27,1,0
BRDA:248,28,0,0
BRDA:248,28,1,0
BRDA:286,29,0,0
BRDA:286,29,1,0
BRDA:317,30,0,0
BRDA:317,30,1,0
BRDA:318,31,0,0
BRDA:318,31,1,0
BRDA:338,32,0,0
BRDA:338,32,1,0
BRDA:353,33,0,0
BRDA:353,33,1,0
BRDA:356,34,0,0
BRDA:356,34,1,0
BRDA:362,35,0,0
BRDA:362,35,1,0
BRDA:362,35,2,0
BRDA:367,36,0,0
BRDA:367,36,1,0
BRDA:402,37,0,0
BRDA:402,37,1,0
BRDA:413,38,0,0
BRDA:413,38,1,0
BRDA:416,39,0,0
BRDA:416,39,1,0
BRDA:418,40,0,0
BRDA:418,40,1,0
BRDA:425,41,0,0
BRDA:425,41,1,0
BRF:90
BRH:0
end_of_record
TN:
SF:src/components/EnhancedReviewCard.tsx
FN:16,EnhancedReviewCard
FN:19,(anonymous_1)
FN:73,(anonymous_2)
FN:111,(anonymous_3)
FNF:4
FNH:0
FNDA:0,EnhancedReviewCard
FNDA:0,(anonymous_1)
FNDA:0,(anonymous_2)
FNDA:0,(anonymous_3)
DA:15,0
DA:17,0
DA:19,0
DA:20,0
DA:27,0
DA:73,0
DA:112,0
LF:7
LH:0
BRDA:16,0,0,0
BRDA:48,1,0,0
BRDA:48,1,1,0
BRDA:53,2,0,0
BRDA:53,2,1,0
BRDA:55,3,0,0
BRDA:55,3,1,0
BRDA:69,4,0,0
BRDA:69,4,1,0
BRDA:69,4,2,0
BRDA:87,5,0,0
BRDA:87,5,1,0
BRDA:89,6,0,0
BRDA:89,6,1,0
BRDA:92,7,0,0
BRDA:92,7,1,0
BRDA:113,8,0,0
BRDA:113,8,1,0
BRDA:113,8,2,0
BRDA:113,8,3,0
BRDA:113,8,4,0
BRF:21
BRH:0
end_of_record
TN:
SF:src/components/ErrorBoundary.tsx
FN:86,(anonymous_0)
FN:116,(anonymous_1)
FN:120,(anonymous_2)
FN:127,(anonymous_3)
FN:143,(anonymous_4)
FN:178,(anonymous_5)
FN:186,(anonymous_6)
FN:207,(anonymous_7)
FN:224,(anonymous_8)
FN:243,(anonymous_9)
FN:264,(anonymous_10)
FN:280,(anonymous_11)
FN:288,(anonymous_12)
FN:295,(anonymous_13)
FN:300,(anonymous_14)
FN:313,(anonymous_15)
FN:321,(anonymous_16)
FN:334,(anonymous_17)
FN:354,(anonymous_18)
FN:411,(anonymous_19)
FN:603,ErrorBoundary
FNF:21
FNH:0
FNDA:0,(anonymous_0)
FNDA:0,(anonymous_1)
FNDA:0,(anonymous_2)
FNDA:0,(anonymous_3)
FNDA:0,(anonymous_4)
FNDA:0,(anonymous_5)
FNDA:0,(anonymous_6)
FNDA:0,(anonymous_7)
FNDA:0,(anonymous_8)
FNDA:0,(anonymous_9)
FNDA:0,(anonymous_10)
FNDA:0,(anonymous_11)
FNDA:0,(anonymous_12)
FNDA:0,(anonymous_13)
FNDA:0,(anonymous_14)
FNDA:0,(anonymous_15)
FNDA:0,(anonymous_16)
FNDA:0,(anonymous_17)
FNDA:0,(anonymous_18)
FNDA:0,(anonymous_19)
FNDA:0,ErrorBoundary
DA:69,0
DA:82,0
DA:83,0
DA:84,0
DA:87,0
DA:89,0
DA:113,0
DA:117,0
DA:121,0
DA:122,0
DA:124,0
DA:128,0
DA:129,0
DA:130,0
DA:131,0
DA:133,0
DA:144,0
DA:146,0
DA:147,0
DA:148,0
DA:149,0
DA:150,0
DA:151,0
DA:152,0
DA:153,0
DA:154,0
DA:155,0
DA:156,0
DA:158,0
DA:160,0
DA:162,0
DA:164,0
DA:166,0
DA:169,0
DA:170,0
DA:172,0
DA:173,0
DA:175,0
DA:179,0
DA:180,0
DA:181,0
DA:186,0
DA:193,0
DA:208,0
DA:212,0
DA:216,0
DA:218,0
DA:220,0
DA:225,0
DA:230,0
DA:231,0
DA:232,0
DA:235,0
DA:236,0
DA:238,0
DA:239,0
DA:244,0
DA:245,0
DA:246,0
DA:247,0
DA:249,0
DA:251,0
DA:253,0
DA:255,0
DA:257,0
DA:259,0
DA:261,0
DA:265,0
DA:267,0
DA:268,0
DA:280,0
DA:281,0
DA:283,0
DA:284,0
DA:289,0
DA:290,0
DA:293,0
DA:295,0
DA:296,0
DA:301,0
DA:303,0
DA:305,0
DA:307,0
DA:309,0
DA:313,0
DA:314,0
DA:316,0
DA:321,0
DA:322,0
DA:330,0
DA:334,0
DA:335,0
DA:336,0
DA:351,0
DA:355,0
DA:408,0
DA:412,0
DA:413,0
DA:414,0
DA:417,0
DA:429,0
DA:430,0
DA:432,0
DA:512,0
DA:516,0
DA:606,0
DA:607,0
DA:608,0
DA:609,0
DA:610,0
DA:611,0
DA:612,0
DA:613,0
DA:618,0
DA:619,0
DA:632,0
LF:116
LH:0
BRDA:121,0,0,0
BRDA:121,0,1,0
BRDA:144,1,0,0
BRDA:144,1,1,0
BRDA:146,2,0,0
BRDA:146,2,1,0
BRDA:147,3,0,0
BRDA:147,3,1,0
BRDA:148,4,0,0
BRDA:148,4,1,0
BRDA:149,5,0,0
BRDA:149,5,1,0
BRDA:150,6,0,0
BRDA:150,6,1,0
BRDA:151,7,0,0
BRDA:151,7,1,0
BRDA:152,8,0,0
BRDA:152,8,1,0
BRDA:153,9,0,0
BRDA:153,9,1,0
BRDA:154,10,0,0
BRDA:154,10,1,0
BRDA:155,11,0,0
BRDA:155,11,1,0
BRDA:156,12,0,0
BRDA:156,12,1,0
BRDA:156,12,2,0
BRDA:156,12,3,0
BRDA:156,12,4,0
BRDA:169,13,0,0
BRDA:169,13,1,0
BRDA:169,14,0,0
BRDA:169,14,1,0
BRDA:172,15,0,0
BRDA:172,15,1,0
BRDA:172,16,0,0
BRDA:172,16,1,0
BRDA:208,17,0,0
BRDA:208,17,1,0
BRDA:208,17,2,0
BRDA:208,17,3,0
BRDA:208,17,4,0
BRDA:208,17,5,0
BRDA:208,17,6,0
BRDA:208,17,7,0
BRDA:231,18,0,0
BRDA:231,18,1,0
BRDA:238,19,0,0
BRDA:238,19,1,0
BRDA:238,20,0,0
BRDA:238,20,1,0
BRDA:247,21,0,0
BRDA:247,21,1,0
BRDA:247,21,2,0
BRDA:247,21,3,0
BRDA:247,21,4,0
BRDA:247,21,5,0
BRDA:265,22,0,0
BRDA:265,22,1,0
BRDA:283,23,0,0
BRDA:283,23,1,0
BRDA:283,24,0,0
BRDA:283,24,1,0
BRDA:283,24,2,0
BRDA:289,25,0,0
BRDA:289,25,1,0
BRDA:289,26,0,0
BRDA:289,26,1,0
BRDA:301,27,0,0
BRDA:301,27,1,0
BRDA:301,27,2,0
BRDA:301,27,3,0
BRDA:314,28,0,0
BRDA:314,28,1,0
BRDA:408,29,0,0
BRDA:408,29,1,0
BRDA:412,30,0,0
BRDA:412,30,1,0
BRDA:413,31,0,0
BRDA:413,31,1,0
BRDA:417,32,0,0
BRDA:417,32,1,0
BRDA:430,33,0,0
BRDA:430,33,1,0
BRDA:440,34,0,0
BRDA:440,34,1,0
BRDA:444,35,0,0
BRDA:444,35,1,0
BRDA:446,36,0,0
BRDA:446,36,1,0
BRDA:451,37,0,0
BRDA:451,37,1,0
BRDA:459,38,0,0
BRDA:459,38,1,0
BRDA:466,39,0,0
BRDA:466,39,1,0
BRDA:466,39,2,0
BRDA:473,40,0,0
BRDA:473,40,1,0
BRDA:478,41,0,0
BRDA:478,41,1,0
BRDA:488,42,0,0
BRDA:488,42,1,0
BRDA:494,43,0,0
BRDA:494,43,1,0
BRDA:494,43,2,0
BRDA:494,43,3,0
BRDA:500,44,0,0
BRDA:500,44,1,0
BRDA:608,45,0,0
BRDA:608,45,1,0
BRDA:608,46,0,0
BRDA:608,46,1,0
BRDA:610,47,0,0
BRDA:610,47,1,0
BRDA:610,48,0,0
BRDA:610,48,1,0
BRDA:610,48,2,0
BRDA:612,49,0,0
BRDA:612,49,1,0
BRDA:618,50,0,0
BRDA:618,50,1,0
BRDA:636,51,0,0
BRDA:636,51,1,0
BRDA:637,52,0,0
BRDA:637,52,1,0
BRDA:638,53,0,0
BRDA:638,53,1,0
BRF:128
BRH:0
end_of_record
TN:
SF:src/components/ErrorBoundaryTestScreen.tsx
FN:11,(anonymous_0)
FN:18,(anonymous_1)
FN:19,(anonymous_2)
FN:21,(anonymous_3)
FN:30,(anonymous_4)
FN:40,(anonymous_5)
FN:41,(anonymous_6)
FN:44,(anonymous_7)
FN:45,(anonymous_8)
FN:52,(anonymous_9)
FN:56,(anonymous_10)
FN:61,(anonymous_11)
FN:65,(anonymous_12)
FN:69,(anonymous_13)
FN:108,(anonymous_14)
FN:119,(anonymous_15)
FN:130,(anonymous_16)
FN:169,(anonymous_17)
FN:171,(anonymous_18)
FN:186,(anonymous_19)
FNF:20
FNH:0
FNDA:0,(anonymous_0)
FNDA:0,(anonymous_1)
FNDA:0,(anonymous_2)
FNDA:0,(anonymous_3)
FNDA:0,(anonymous_4)
FNDA:0,(anonymous_5)
FNDA:0,(anonymous_6)
FNDA:0,(anonymous_7)
FNDA:0,(anonymous_8)
FNDA:0,(anonymous_9)
FNDA:0,(anonymous_10)
FNDA:0,(anonymous_11)
FNDA:0,(anonymous_12)
FNDA:0,(anonymous_13)
FNDA:0,(anonymous_14)
FNDA:0,(anonymous_15)
FNDA:0,(anonymous_16)
FNDA:0,(anonymous_17)
FNDA:0,(anonymous_18)
FNDA:0,(anonymous_19)
DA:11,0
DA:12,0
DA:13,0
DA:15,0
DA:18,0
DA:19,0
DA:20,0
DA:21,0
DA:22,0
DA:27,0
DA:30,0
DA:31,0
DA:38,0
DA:40,0
DA:41,0
DA:44,0
DA:45,0
DA:49,0
DA:52,0
DA:53,0
DA:56,0
DA:57,0
DA:58,0
DA:61,0
DA:62,0
DA:65,0
DA:66,0
DA:69,0
DA:70,0
DA:73,0
DA:76,0
DA:108,0
DA:119,0
DA:130,0
DA:170,0
DA:171,0
DA:187,0
LF:37
LH:0
BRDA:12,0,0,0
BRDA:12,0,1,0
BRDA:20,1,0,0
BRDA:20,1,1,0
BRDA:49,2,0,0
BRDA:49,2,1,0
BRDA:107,3,0,0
BRDA:107,3,1,0
BRDA:111,4,0,0
BRDA:111,4,1,0
BRDA:117,5,0,0
BRDA:117,5,1,0
BRDA:122,6,0,0
BRDA:122,6,1,0
BRDA:128,7,0,0
BRDA:128,7,1,0
BRDA:133,8,0,0
BRDA:133,8,1,0
BRDA:182,9,0,0
BRDA:182,9,1,0
BRF:20
BRH:0
end_of_record
TN:
SF:src/components/ExpandableText.tsx
FN:16,ExpandableText
FN:32,(anonymous_1)
FN:40,(anonymous_2)
FN:48,(anonymous_3)
FN:55,(anonymous_4)
FNF:5
FNH:0
FNDA:0,ExpandableText
FNDA:0,(anonymous_1)
FNDA:0,(anonymous_2)
FNDA:0,(anonymous_3)
FNDA:0,(anonymous_4)
DA:24,0
DA:25,0
DA:26,0
DA:27,0
DA:28,0
DA:30,0
DA:32,0
DA:33,0
DA:34,0
DA:35,0
DA:36,0
DA:40,0
DA:41,0
DA:42,0
DA:43,0
DA:44,0
DA:48,0
DA:49,0
DA:50,0
DA:52,0
DA:55,0
DA:60,0
LF:22
LH:0
BRDA:18,0,0,0
BRDA:19,1,0,0
BRDA:20,2,0,0
BRDA:21,3,0,0
BRDA:22,4,0,0
BRDA:34,5,0,0
BRDA:34,5,1,0
BRDA:34,6,0,0
BRDA:34,6,1,0
BRDA:42,7,0,0
BRDA:42,7,1,0
BRDA:52,8,0,0
BRDA:52,8,1,0
BRDA:56,9,0,0
BRDA:56,9,1,0
BRDA:80,10,0,0
BRDA:80,10,1,0
BRDA:93,11,0,0
BRDA:93,11,1,0
BRDA:100,12,0,0
BRDA:100,12,1,0
BRDA:103,13,0,0
BRDA:103,13,1,0
BRF:23
BRH:0
end_of_record
TN:
SF:src/components/FeatureGate.tsx
FN:15,(anonymous_0)
FN:20,(anonymous_1)
FN:21,(anonymous_2)
FN:56,(anonymous_3)
FN:69,(anonymous_4)
FNF:5
FNH:0
FNDA:0,(anonymous_0)
FNDA:0,(anonymous_1)
FNDA:0,(anonymous_2)
FNDA:0,(anonymous_3)
FNDA:0,(anonymous_4)
DA:15,0
DA:16,0
DA:17,0
DA:20,0
DA:21,0
DA:22,0
DA:25,0
DA:26,0
DA:27,0
DA:32,0
DA:37,0
DA:41,0
DA:42,0
DA:45,0
DA:46,0
DA:49,0
DA:50,0
DA:53,0
DA:56,0
DA:69,0
LF:20
LH:0
BRDA:15,0,0,0
BRDA:26,1,0,0
BRDA:26,1,1,0
BRDA:37,2,0,0
BRDA:37,2,1,0
BRDA:38,3,0,0
BRDA:38,3,1,0
BRDA:38,3,2,0
BRDA:39,4,0,0
BRDA:39,4,1,0
BRDA:41,5,0,0
BRDA:41,5,1,0
BRDA:45,6,0,0
BRDA:45,6,1,0
BRDA:49,7,0,0
BRDA:49,7,1,0
BRF:16
BRH:0
end_of_record
TN:
SF:src/components/FormSection.tsx
FN:18,FormSection
FN:31,(anonymous_1)
FN:37,(anonymous_2)
FNF:3
FNH:0
FNDA:0,FormSection
FNDA:0,(anonymous_1)
FNDA:0,(anonymous_2)
DA:29,0
DA:31,0
DA:32,0
DA:33,0
DA:34,0
DA:37,0
DA:38,0
DA:39,0
DA:40,0
DA:43,0
LF:10
LH:0
BRDA:22,0,0,0
BRDA:23,1,0,0
BRDA:27,2,0,0
BRDA:32,3,0,0
BRDA:32,3,1,0
BRDA:33,4,0,0
BRDA:33,4,1,0
BRDA:33,5,0,0
BRDA:33,5,1,0
BRDA:38,6,0,0
BRDA:38,6,1,0
BRDA:39,7,0,0
BRDA:39,7,1,0
BRDA:39,8,0,0
BRDA:39,8,1,0
BRDA:47,9,0,0
BRDA:47,9,1,0
BRDA:56,10,0,0
BRDA:56,10,1,0
BRDA:64,11,0,0
BRDA:64,11,1,0
BRDA:64,11,2,0
BRDA:65,12,0,0
BRDA:65,12,1,0
BRDA:69,13,0,0
BRDA:69,13,1,0
BRDA:80,14,0,0
BRDA:80,14,1,0
BRDA:92,15,0,0
BRDA:92,15,1,0
BRF:30
BRH:0
end_of_record
TN:
SF:src/components/ForwardMessageModal.tsx
FN:28,(anonymous_0)
FN:38,(anonymous_1)
FN:47,(anonymous_2)
FN:49,(anonymous_3)
FN:56,(anonymous_4)
FN:81,(anonymous_5)
FN:93,(anonymous_6)
FN:133,(anonymous_7)
FN:191,(anonymous_8)
FN:200,(anonymous_9)
FNF:10
FNH:0
FNDA:0,(anonymous_0)
FNDA:0,(anonymous_1)
FNDA:0,(anonymous_2)
FNDA:0,(anonymous_3)
FNDA:0,(anonymous_4)
FNDA:0,(anonymous_5)
FNDA:0,(anonymous_6)
FNDA:0,(anonymous_7)
FNDA:0,(anonymous_8)
FNDA:0,(anonymous_9)
DA:28,0
DA:29,0
DA:30,0
DA:31,0
DA:32,0
DA:33,0
DA:34,0
DA:35,0
DA:36,0
DA:38,0
DA:39,0
DA:40,0
DA:41,0
DA:42,0
DA:43,0
DA:47,0
DA:48,0
DA:49,0
DA:50,0
DA:52,0
DA:56,0
DA:57,0
DA:58,0
DA:59,0
DA:62,0
DA:63,0
DA:64,0
DA:67,0
DA:69,0
DA:70,0
DA:71,0
DA:72,0
DA:74,0
DA:75,0
DA:77,0
DA:81,0
DA:82,0
DA:83,0
DA:85,0
DA:93,0
DA:133,0
DA:134,0
DA:136,0
DA:148,0
DA:191,0
DA:200,0
DA:230,0
LF:47
LH:0
BRDA:39,0,0,0
BRDA:39,0,1,0
BRDA:48,1,0,0
BRDA:48,1,1,0
BRDA:57,2,0,0
BRDA:57,2,1,0
BRDA:62,3,0,0
BRDA:62,3,1,0
BRDA:70,4,0,0
BRDA:70,4,1,0
BRDA:90,5,0,0
BRDA:90,5,1,0
BRDA:91,6,0,0
BRDA:91,6,1,0
BRDA:93,7,0,0
BRDA:93,7,1,0
BRDA:103,8,0,0
BRDA:103,8,1,0
BRDA:107,9,0,0
BRDA:107,9,1,0
BRDA:112,10,0,0
BRDA:112,10,1,0
BRDA:122,11,0,0
BRDA:122,11,1,0
BRDA:124,12,0,0
BRDA:124,12,1,0
BRDA:134,13,0,0
BRDA:134,13,1,0
BRDA:152,14,0,0
BRDA:152,14,1,0
BRDA:161,15,0,0
BRDA:161,15,1,0
BRDA:162,16,0,0
BRDA:162,16,1,0
BRDA:164,17,0,0
BRDA:164,17,1,0
BRDA:168,18,0,0
BRDA:168,18,1,0
BRDA:190,19,0,0
BRDA:190,19,1,0
BRDA:239,20,0,0
BRDA:239,20,1,0
BRF:42
BRH:0
end_of_record
TN:
SF:src/components/ImageCarousel.tsx
FN:20,formatDuration
FN:26,ImageCarousel
FN:41,(anonymous_2)
FN:45,(anonymous_3)
FN:55,(anonymous_4)
FN:66,(anonymous_5)
FN:68,(anonymous_6)
FN:78,(anonymous_7)
FN:87,(anonymous_8)
FN:96,(anonymous_9)
FN:117,(anonymous_10)
FN:188,(anonymous_11)
FN:190,(anonymous_12)
FN:239,(anonymous_13)
FN:242,(anonymous_14)
FN:259,(anonymous_15)
FN:278,(anonymous_16)
FNF:17
FNH:0
FNDA:0,formatDuration
FNDA:0,ImageCarousel
FNDA:0,(anonymous_2)
FNDA:0,(anonymous_3)
FNDA:0,(anonymous_4)
FNDA:0,(anonymous_5)
FNDA:0,(anonymous_6)
FNDA:0,(anonymous_7)
FNDA:0,(anonymous_8)
FNDA:0,(anonymous_9)
FNDA:0,(anonymous_10)
FNDA:0,(anonymous_11)
FNDA:0,(anonymous_12)
FNDA:0,(anonymous_13)
FNDA:0,(anonymous_14)
FNDA:0,(anonymous_15)
FNDA:0,(anonymous_16)
DA:8,0
DA:21,0
DA:22,0
DA:23,0
DA:35,0
DA:36,0
DA:37,0
DA:38,0
DA:41,0
DA:42,0
DA:44,0
DA:45,0
DA:46,0
DA:49,0
DA:50,0
DA:52,0
DA:53,0
DA:55,0
DA:56,0
DA:57,0
DA:58,0
DA:59,0
DA:66,0
DA:67,0
DA:68,0
DA:70,0
DA:74,0
DA:75,0
DA:78,0
DA:79,0
DA:80,0
DA:81,0
DA:82,0
DA:83,0
DA:87,0
DA:88,0
DA:89,0
DA:96,0
DA:97,0
DA:98,0
DA:102,0
DA:118,0
DA:189,0
DA:190,0
DA:191,0
DA:240,0
DA:242,0
DA:259,0
DA:278,0
LF:49
LH:0
BRDA:28,0,0,0
BRDA:30,1,0,0
BRDA:31,2,0,0
BRDA:33,3,0,0
BRDA:42,4,0,0
BRDA:42,4,1,0
BRDA:42,5,0,0
BRDA:42,5,1,0
BRDA:46,6,0,0
BRDA:46,6,1,0
BRDA:46,7,0,0
BRDA:46,7,1,0
BRDA:52,8,0,0
BRDA:52,8,1,0
BRDA:52,9,0,0
BRDA:52,9,1,0
BRDA:52,10,0,0
BRDA:52,10,1,0
BRDA:53,11,0,0
BRDA:53,11,1,0
BRDA:53,12,0,0
BRDA:53,12,1,0
BRDA:53,13,0,0
BRDA:53,13,1,0
BRDA:57,14,0,0
BRDA:57,14,1,0
BRDA:74,15,0,0
BRDA:74,15,1,0
BRDA:74,16,0,0
BRDA:74,16,1,0
BRDA:82,17,0,0
BRDA:82,17,1,0
BRDA:82,18,0,0
BRDA:82,18,1,0
BRDA:82,18,2,0
BRDA:88,19,0,0
BRDA:88,19,1,0
BRDA:97,20,0,0
BRDA:97,20,1,0
BRDA:97,21,0,0
BRDA:97,21,1,0
BRDA:97,21,2,0
BRDA:97,21,3,0
BRDA:97,21,4,0
BRDA:127,22,0,0
BRDA:127,22,1,0
BRDA:129,23,0,0
BRDA:129,23,1,0
BRDA:129,24,0,0
BRDA:129,24,1,0
BRDA:143,25,0,0
BRDA:143,25,1,0
BRDA:161,26,0,0
BRDA:161,26,1,0
BRDA:167,27,0,0
BRDA:167,27,1,0
BRDA:178,28,0,0
BRDA:178,28,1,0
BRDA:178,28,2,0
BRDA:186,29,0,0
BRDA:186,29,1,0
BRDA:191,30,0,0
BRDA:191,30,1,0
BRDA:204,31,0,0
BRDA:204,31,1,0
BRDA:204,31,2,0
BRDA:219,32,0,0
BRDA:219,32,1,0
BRDA:237,33,0,0
BRDA:237,33,1,0
BRDA:245,34,0,0
BRDA:245,34,1,0
BRDA:246,35,0,0
BRDA:246,35,1,0
BRDA:254,36,0,0
BRDA:254,36,1,0
BRDA:257,37,0,0
BRDA:257,37,1,0
BRDA:276,38,0,0
BRDA:276,38,1,0
BRF:80
BRH:0
end_of_record
TN:
SF:src/components/LazyImage.tsx
FN:29,LazyImage
FN:50,(anonymous_1)
FN:56,(anonymous_2)
FN:59,(anonymous_3)
FN:82,(anonymous_4)
FN:88,(anonymous_5)
FN:94,(anonymous_6)
FN:99,(anonymous_7)
FN:110,(anonymous_8)
FN:192,withLazyLoading
FN:193,LazyLoadedComponent
FN:197,(anonymous_11)
FN:198,(anonymous_12)
FN:200,(anonymous_13)
FN:214,(anonymous_14)
FN:237,(anonymous_15)
FN:238,(anonymous_16)
FN:244,(anonymous_17)
FN:245,(anonymous_18)
FN:254,(anonymous_19)
FN:260,(anonymous_20)
FN:266,useImageMemoryManagement
FN:267,(anonymous_22)
FN:268,(anonymous_23)
FNF:24
FNH:0
FNDA:0,LazyImage
FNDA:0,(anonymous_1)
FNDA:0,(anonymous_2)
FNDA:0,(anonymous_3)
FNDA:0,(anonymous_4)
FNDA:0,(anonymous_5)
FNDA:0,(anonymous_6)
FNDA:0,(anonymous_7)
FNDA:0,(anonymous_8)
FNDA:0,withLazyLoading
FNDA:0,LazyLoadedComponent
FNDA:0,(anonymous_11)
FNDA:0,(anonymous_12)
FNDA:0,(anonymous_13)
FNDA:0,(anonymous_14)
FNDA:0,(anonymous_15)
FNDA:0,(anonymous_16)
FNDA:0,(anonymous_17)
FNDA:0,(anonymous_18)
FNDA:0,(anonymous_19)
FNDA:0,(anonymous_20)
FNDA:0,useImageMemoryManagement
FNDA:0,(anonymous_22)
FNDA:0,(anonymous_23)
DA:27,0
DA:42,0
DA:43,0
DA:44,0
DA:46,0
DA:47,0
DA:50,0
DA:51,0
DA:56,0
DA:57,0
DA:58,0
DA:59,0
DA:60,0
DA:61,0
DA:62,0
DA:64,0
DA:65,0
DA:67,0
DA:68,0
DA:77,0
DA:79,0
DA:80,0
DA:82,0
DA:83,0
DA:84,0
DA:88,0
DA:89,0
DA:90,0
DA:91,0
DA:94,0
DA:95,0
DA:96,0
DA:99,0
DA:100,0
DA:110,0
DA:111,0
DA:116,0
DA:193,0
DA:194,0
DA:195,0
DA:197,0
DA:198,0
DA:199,0
DA:200,0
DA:201,0
DA:202,0
DA:204,0
DA:205,0
DA:211,0
DA:212,0
DA:214,0
DA:217,0
DA:218,0
DA:229,0
DA:235,0
DA:238,0
DA:239,0
DA:240,0
DA:243,0
DA:244,0
DA:245,0
DA:247,0
DA:248,0
DA:251,0
DA:255,0
DA:256,0
DA:257,0
DA:261,0
DA:267,0
DA:268,0
DA:270,0
DA:271,0
DA:276,0
LF:73
LH:0
BRDA:33,0,0,0
BRDA:35,1,0,0
BRDA:36,2,0,0
BRDA:51,3,0,0
BRDA:51,3,1,0
BRDA:51,4,0,0
BRDA:51,4,1,0
BRDA:57,5,0,0
BRDA:57,5,1,0
BRDA:62,6,0,0
BRDA:62,6,1,0
BRDA:64,7,0,0
BRDA:64,7,1,0
BRDA:64,8,0,0
BRDA:64,8,1,0
BRDA:67,9,0,0
BRDA:67,9,1,0
BRDA:68,10,0,0
BRDA:68,10,1,0
BRDA:83,11,0,0
BRDA:83,11,1,0
BRDA:84,12,0,0
BRDA:84,12,1,0
BRDA:132,13,0,0
BRDA:132,13,1,0
BRDA:142,14,0,0
BRDA:142,14,1,0
BRDA:142,14,2,0
BRDA:142,14,3,0
BRDA:161,15,0,0
BRDA:161,15,1,0
BRDA:167,16,0,0
BRDA:167,16,1,0
BRDA:199,17,0,0
BRDA:199,17,1,0
BRDA:202,18,0,0
BRDA:202,18,1,0
BRDA:204,19,0,0
BRDA:204,19,1,0
BRDA:217,20,0,0
BRDA:217,20,1,0
BRDA:239,21,0,0
BRDA:239,21,1,0
BRDA:270,22,0,0
BRDA:270,22,1,0
BRF:45
BRH:0
end_of_record
TN:
SF:src/components/LikeDislikeButtons.tsx
FN:25,(anonymous_0)
FN:33,(anonymous_1)
FN:40,(anonymous_2)
FN:45,(anonymous_3)
FN:52,(anonymous_4)
FN:57,(anonymous_5)
FN:61,(anonymous_6)
FNF:7
FNH:0
FNDA:0,(anonymous_0)
FNDA:0,(anonymous_1)
FNDA:0,(anonymous_2)
FNDA:0,(anonymous_3)
FNDA:0,(anonymous_4)
FNDA:0,(anonymous_5)
FNDA:0,(anonymous_6)
DA:24,0
DA:29,0
DA:30,0
DA:31,0
DA:33,0
DA:34,0
DA:37,0
DA:40,0
DA:42,0
DA:45,0
DA:46,0
DA:49,0
DA:52,0
DA:54,0
DA:57,0
DA:61,0
DA:65,0
DA:157,0
LF:18
LH:0
BRDA:26,0,0,0
BRDA:26,1,0,0
BRDA:26,2,0,0
BRDA:26,3,0,0
BRDA:26,4,0,0
BRDA:34,5,0,0
BRDA:34,5,1,0
BRDA:46,6,0,0
BRDA:46,6,1,0
BRDA:74,7,0,0
BRDA:74,7,1,0
BRDA:76,8,0,0
BRDA:76,8,1,0
BRDA:79,9,0,0
BRDA:79,9,1,0
BRDA:81,10,0,0
BRDA:81,10,1,0
BRDA:82,11,0,0
BRDA:82,11,1,0
BRDA:86,12,0,0
BRDA:86,12,1,0
BRDA:88,13,0,0
BRDA:88,13,1,0
BRDA:90,14,0,0
BRDA:90,14,1,0
BRDA:93,15,0,0
BRDA:93,15,1,0
BRDA:96,16,0,0
BRDA:96,16,1,0
BRDA:98,17,0,0
BRDA:98,17,1,0
BRDA:114,18,0,0
BRDA:114,18,1,0
BRDA:117,19,0,0
BRDA:117,19,1,0
BRDA:120,20,0,0
BRDA:120,20,1,0
BRDA:122,21,0,0
BRDA:122,21,1,0
BRDA:123,22,0,0
BRDA:123,22,1,0
BRDA:127,23,0,0
BRDA:127,23,1,0
BRDA:129,24,0,0
BRDA:129,24,1,0
BRDA:133,25,0,0
BRDA:133,25,1,0
BRDA:137,26,0,0
BRDA:137,26,1,0
BRDA:140,27,0,0
BRDA:140,27,1,0
BRDA:144,28,0,0
BRDA:144,28,1,0
BRF:53
BRH:0
end_of_record
TN:
SF:src/components/LoadingSpinner.tsx
FN:13,(anonymous_0)
FN:25,(anonymous_1)
FN:42,(anonymous_2)
FNF:3
FNH:0
FNDA:0,(anonymous_0)
FNDA:0,(anonymous_1)
FNDA:0,(anonymous_2)
DA:12,0
DA:14,0
DA:15,0
DA:17,0
DA:23,0
DA:25,0
DA:27,0
DA:29,0
DA:30,0
DA:42,0
DA:46,0
DA:74,0
LF:12
LH:0
BRDA:13,0,0,0
BRDA:13,1,0,0
BRDA:13,2,0,0
BRDA:29,3,0,0
BRDA:29,3,1,0
BRDA:52,4,0,0
BRDA:52,4,1,0
BRDA:54,5,0,0
BRDA:54,5,1,0
BRDA:68,6,0,0
BRDA:68,6,1,0
BRF:11
BRH:0
end_of_record
TN:
SF:src/components/LocationSelector.tsx
FN:134,LocationSelector
FN:142,(anonymous_1)
FN:143,(anonymous_2)
FN:151,(anonymous_3)
FN:158,(anonymous_4)
FN:163,(anonymous_5)
FN:178,(anonymous_6)
FN:194,(anonymous_7)
FN:197,(anonymous_8)
FN:233,(anonymous_9)
FN:269,(anonymous_10)
FN:271,(anonymous_11)
FN:306,(anonymous_12)
FN:331,(anonymous_13)
FN:344,(anonymous_14)
FN:376,(anonymous_15)
FN:423,(anonymous_16)
FNF:17
FNH:0
FNDA:0,LocationSelector
FNDA:0,(anonymous_1)
FNDA:0,(anonymous_2)
FNDA:0,(anonymous_3)
FNDA:0,(anonymous_4)
FNDA:0,(anonymous_5)
FNDA:0,(anonymous_6)
FNDA:0,(anonymous_7)
FNDA:0,(anonymous_8)
FNDA:0,(anonymous_9)
FNDA:0,(anonymous_10)
FNDA:0,(anonymous_11)
FNDA:0,(anonymous_12)
FNDA:0,(anonymous_13)
FNDA:0,(anonymous_14)
FNDA:0,(anonymous_15)
FNDA:0,(anonymous_16)
DA:38,0
DA:135,0
DA:136,0
DA:137,0
DA:138,0
DA:139,0
DA:140,0
DA:142,0
DA:143,0
DA:144,0
DA:145,0
DA:147,0
DA:150,0
DA:152,0
DA:158,0
DA:161,0
DA:162,0
DA:163,0
DA:171,0
DA:175,0
DA:176,0
DA:177,0
DA:178,0
DA:185,0
DA:189,0
DA:193,0
DA:194,0
DA:197,0
DA:199,0
DA:200,0
DA:201,0
DA:202,0
DA:206,0
DA:221,0
DA:224,0
DA:227,0
DA:228,0
DA:229,0
DA:230,0
DA:233,0
DA:234,0
DA:235,0
DA:237,0
DA:238,0
DA:239,0
DA:240,0
DA:241,0
DA:242,0
DA:243,0
DA:246,0
DA:247,0
DA:248,0
DA:255,0
DA:256,0
DA:258,0
DA:259,0
DA:262,0
DA:263,0
DA:265,0
DA:269,0
DA:270,0
DA:272,0
DA:301,0
DA:307,0
DA:331,0
DA:344,0
DA:376,0
DA:423,0
LF:68
LH:0
BRDA:144,0,0,0
BRDA:144,0,1,0
BRDA:152,1,0,0
BRDA:152,1,1,0
BRDA:152,1,2,0
BRDA:175,2,0,0
BRDA:175,2,1,0
BRDA:201,3,0,0
BRDA:201,3,1,0
BRDA:202,4,0,0
BRDA:202,4,1,0
BRDA:213,5,0,0
BRDA:213,5,1,0
BRDA:239,6,0,0
BRDA:239,6,1,0
BRDA:247,7,0,0
BRDA:247,7,1,0
BRDA:277,8,0,0
BRDA:277,8,1,0
BRDA:282,9,0,0
BRDA:282,9,1,0
BRDA:289,10,0,0
BRDA:289,10,1,0
BRDA:291,11,0,0
BRDA:291,11,1,0
BRDA:311,12,0,0
BRDA:311,12,1,0
BRDA:311,13,0,0
BRDA:311,13,1,0
BRDA:315,14,0,0
BRDA:315,14,1,0
BRDA:320,15,0,0
BRDA:320,15,1,0
BRDA:321,16,0,0
BRDA:321,16,1,0
BRDA:333,17,0,0
BRDA:333,17,1,0
BRDA:374,18,0,0
BRDA:374,18,1,0
BRDA:396,19,0,0
BRDA:396,19,1,0
BRDA:398,20,0,0
BRDA:398,20,1,0
BRDA:403,21,0,0
BRDA:403,21,1,0
BRDA:409,22,0,0
BRDA:409,22,1,0
BRDA:412,23,0,0
BRDA:412,23,1,0
BRDA:429,24,0,0
BRDA:429,24,1,0
BRF:51
BRH:0
end_of_record
TN:
SF:src/components/MediaCommentModal.tsx
FN:34,CommentItem
FN:37,(anonymous_1)
FN:76,(anonymous_2)
FN:94,(anonymous_3)
FN:114,(anonymous_4)
FN:139,(anonymous_5)
FN:156,(anonymous_6)
FN:164,(anonymous_7)
FN:168,(anonymous_8)
FN:187,MediaCommentModal
FN:202,(anonymous_10)
FN:257,(anonymous_11)
FN:274,(anonymous_12)
FNF:13
FNH:0
FNDA:0,CommentItem
FNDA:0,(anonymous_1)
FNDA:0,(anonymous_2)
FNDA:0,(anonymous_3)
FNDA:0,(anonymous_4)
FNDA:0,(anonymous_5)
FNDA:0,(anonymous_6)
FNDA:0,(anonymous_7)
FNDA:0,(anonymous_8)
FNDA:0,MediaCommentModal
FNDA:0,(anonymous_10)
FNDA:0,(anonymous_11)
FNDA:0,(anonymous_12)
DA:35,0
DA:37,0
DA:38,0
DA:39,0
DA:40,0
DA:41,0
DA:42,0
DA:44,0
DA:45,0
DA:46,0
DA:47,0
DA:48,0
DA:50,0
DA:51,0
DA:55,0
DA:56,0
DA:63,0
DA:76,0
DA:94,0
DA:114,0
DA:139,0
DA:156,0
DA:164,0
DA:169,0
DA:202,0
DA:203,0
DA:221,0
DA:258,0
DA:275,0
LF:29
LH:0
BRDA:34,0,0,0
BRDA:38,1,0,0
BRDA:38,1,1,0
BRDA:38,2,0,0
BRDA:38,2,1,0
BRDA:39,3,0,0
BRDA:39,3,1,0
BRDA:39,4,0,0
BRDA:39,4,1,0
BRDA:44,5,0,0
BRDA:44,5,1,0
BRDA:46,6,0,0
BRDA:46,6,1,0
BRDA:47,7,0,0
BRDA:47,7,1,0
BRDA:55,8,0,0
BRDA:55,8,1,0
BRDA:57,9,0,0
BRDA:57,9,1,0
BRDA:64,10,0,0
BRDA:64,10,1,0
BRDA:99,11,0,0
BRDA:99,11,1,0
BRDA:101,12,0,0
BRDA:101,12,1,0
BRDA:105,13,0,0
BRDA:105,13,1,0
BRDA:107,14,0,0
BRDA:107,14,1,0
BRDA:109,15,0,0
BRDA:109,15,1,0
BRDA:119,16,0,0
BRDA:119,16,1,0
BRDA:124,17,0,0
BRDA:124,17,1,0
BRDA:129,18,0,0
BRDA:129,18,1,0
BRDA:131,19,0,0
BRDA:131,19,1,0
BRDA:133,20,0,0
BRDA:133,20,1,0
BRDA:137,21,0,0
BRDA:137,21,1,0
BRDA:153,22,0,0
BRDA:153,22,1,0
BRDA:153,22,2,0
BRDA:155,23,0,0
BRDA:155,23,1,0
BRDA:159,24,0,0
BRDA:159,24,1,0
BRDA:191,25,0,0
BRDA:192,26,0,0
BRDA:255,27,0,0
BRDA:255,27,1,0
BRDA:260,28,0,0
BRDA:260,28,1,0
BRDA:264,29,0,0
BRDA:264,29,1,0
BRDA:283,30,0,0
BRDA:283,30,1,0
BRF:60
BRH:0
end_of_record
TN:
SF:src/components/MediaGallery.tsx
FN:14,MediaGallery
FN:28,(anonymous_1)
FN:32,(anonymous_2)
FN:42,(anonymous_3)
FN:50,(anonymous_4)
FN:55,(anonymous_5)
FNF:6
FNH:0
FNDA:0,MediaGallery
FNDA:0,(anonymous_1)
FNDA:0,(anonymous_2)
FNDA:0,(anonymous_3)
FNDA:0,(anonymous_4)
FNDA:0,(anonymous_5)
DA:13,0
DA:15,0
DA:17,0
DA:18,0
DA:20,0
DA:29,0
DA:32,0
DA:42,0
DA:51,0
DA:55,0
LF:10
LH:0
BRDA:14,0,0,0
BRDA:14,1,0,0
BRDA:15,2,0,0
BRDA:15,2,1,0
BRDA:15,3,0,0
BRDA:15,3,1,0
BRDA:30,4,0,0
BRDA:30,4,1,0
BRDA:30,5,0,0
BRDA:30,5,1,0
BRDA:52,6,0,0
BRDA:52,6,1,0
BRDA:52,6,2,0
BRDA:52,6,3,0
BRF:14
BRH:0
end_of_record
TN:
SF:src/components/MediaPicker.tsx
FN:32,(anonymous_0)
FN:44,(anonymous_1)
FN:45,(anonymous_2)
FN:50,(anonymous_3)
FN:98,(anonymous_4)
FN:106,(anonymous_5)
FN:115,(anonymous_6)
FN:125,(anonymous_7)
FN:171,(anonymous_8)
FN:221,(anonymous_9)
FN:222,(anonymous_10)
FN:241,(anonymous_11)
FN:278,(anonymous_12)
FN:287,(anonymous_13)
FN:292,(anonymous_14)
FN:299,(anonymous_15)
FN:303,(anonymous_16)
FN:307,(anonymous_17)
FNF:18
FNH:0
FNDA:0,(anonymous_0)
FNDA:0,(anonymous_1)
FNDA:0,(anonymous_2)
FNDA:0,(anonymous_3)
FNDA:0,(anonymous_4)
FNDA:0,(anonymous_5)
FNDA:0,(anonymous_6)
FNDA:0,(anonymous_7)
FNDA:0,(anonymous_8)
FNDA:0,(anonymous_9)
FNDA:0,(anonymous_10)
FNDA:0,(anonymous_11)
FNDA:0,(anonymous_12)
FNDA:0,(anonymous_13)
FNDA:0,(anonymous_14)
FNDA:0,(anonymous_15)
FNDA:0,(anonymous_16)
FNDA:0,(anonymous_17)
DA:16,0
DA:32,0
DA:33,0
DA:34,0
DA:35,0
DA:36,0
DA:39,0
DA:40,0
DA:43,0
DA:44,0
DA:45,0
DA:50,0
DA:52,0
DA:53,0
DA:56,0
DA:57,0
DA:59,0
DA:72,0
DA:73,0
DA:74,0
DA:80,0
DA:81,0
DA:82,0
DA:88,0
DA:89,0
DA:90,0
DA:91,0
DA:96,0
DA:98,0
DA:99,0
DA:100,0
DA:101,0
DA:102,0
DA:103,0
DA:104,0
DA:106,0
DA:108,0
DA:110,0
DA:111,0
DA:112,0
DA:113,0
DA:115,0
DA:117,0
DA:120,0
DA:121,0
DA:125,0
DA:126,0
DA:127,0
DA:129,0
DA:130,0
DA:131,0
DA:138,0
DA:139,0
DA:141,0
DA:143,0
DA:145,0
DA:153,0
DA:154,0
DA:155,0
DA:157,0
DA:158,0
DA:160,0
DA:165,0
DA:167,0
DA:171,0
DA:172,0
DA:173,0
DA:175,0
DA:176,0
DA:179,0
DA:189,0
DA:190,0
DA:191,0
DA:193,0
DA:195,0
DA:197,0
DA:205,0
DA:206,0
DA:207,0
DA:209,0
DA:210,0
DA:212,0
DA:218,0
DA:219,0
DA:221,0
DA:222,0
DA:224,0
DA:225,0
DA:226,0
DA:231,0
DA:234,0
DA:237,0
DA:241,0
DA:242,0
DA:243,0
DA:244,0
DA:250,0
DA:251,0
DA:252,0
DA:253,0
DA:255,0
DA:256,0
DA:257,0
DA:259,0
DA:267,0
DA:268,0
DA:269,0
DA:272,0
DA:274,0
DA:278,0
DA:279,0
DA:280,0
DA:281,0
DA:282,0
DA:283,0
DA:287,0
DA:288,0
DA:289,0
DA:292,0
DA:293,0
DA:294,0
DA:295,0
DA:296,0
DA:299,0
DA:303,0
DA:304,0
DA:307,0
DA:308,0
DA:311,0
LF:129
LH:0
BRDA:52,0,0,0
BRDA:52,0,1,0
BRDA:52,1,0,0
BRDA:52,1,1,0
BRDA:56,2,0,0
BRDA:56,2,1,0
BRDA:56,2,2,0
BRDA:59,3,0,0
BRDA:59,3,1,0
BRDA:60,4,0,0
BRDA:60,4,1,0
BRDA:60,5,0,0
BRDA:60,5,1,0
BRDA:62,6,0,0
BRDA:62,6,1,0
BRDA:64,7,0,0
BRDA:64,7,1,0
BRDA:66,8,0,0
BRDA:66,8,1,0
BRDA:68,9,0,0
BRDA:68,9,1,0
BRDA:72,10,0,0
BRDA:72,10,1,0
BRDA:73,11,0,0
BRDA:73,11,1,0
BRDA:73,12,0,0
BRDA:73,12,1,0
BRDA:75,13,0,0
BRDA:75,13,1,0
BRDA:80,14,0,0
BRDA:80,14,1,0
BRDA:81,15,0,0
BRDA:81,15,1,0
BRDA:81,16,0,0
BRDA:81,16,1,0
BRDA:83,17,0,0
BRDA:83,17,1,0
BRDA:88,18,0,0
BRDA:88,18,1,0
BRDA:90,19,0,0
BRDA:90,19,1,0
BRDA:90,20,0,0
BRDA:90,20,1,0
BRDA:100,21,0,0
BRDA:100,21,1,0
BRDA:101,22,0,0
BRDA:101,22,1,0
BRDA:103,23,0,0
BRDA:103,23,1,0
BRDA:110,24,0,0
BRDA:110,24,1,0
BRDA:112,25,0,0
BRDA:112,25,1,0
BRDA:126,26,0,0
BRDA:126,26,1,0
BRDA:127,27,0,0
BRDA:127,27,1,0
BRDA:138,28,0,0
BRDA:138,28,1,0
BRDA:138,29,0,0
BRDA:138,29,1,0
BRDA:148,30,0,0
BRDA:148,30,1,0
BRDA:157,31,0,0
BRDA:157,31,1,0
BRDA:173,32,0,0
BRDA:173,32,1,0
BRDA:189,33,0,0
BRDA:189,33,1,0
BRDA:189,34,0,0
BRDA:189,34,1,0
BRDA:191,35,0,0
BRDA:191,35,1,0
BRDA:200,36,0,0
BRDA:200,36,1,0
BRDA:200,37,0,0
BRDA:200,37,1,0
BRDA:209,38,0,0
BRDA:209,38,1,0
BRDA:218,39,0,0
BRDA:218,39,1,0
BRDA:224,40,0,0
BRDA:224,40,1,0
BRDA:225,41,0,0
BRDA:225,41,1,0
BRDA:250,42,0,0
BRDA:250,42,1,0
BRDA:250,43,0,0
BRDA:250,43,1,0
BRDA:255,44,0,0
BRDA:255,44,1,0
BRDA:279,45,0,0
BRDA:279,45,1,0
BRDA:293,46,0,0
BRDA:293,46,1,0
BRDA:315,47,0,0
BRDA:315,47,1,0
BRDA:337,48,0,0
BRDA:337,48,1,0
BRDA:352,49,0,0
BRDA:352,49,1,0
BRDA:379,50,0,0
BRDA:379,50,1,0
BRDA:406,51,0,0
BRDA:406,51,1,0
BRDA:460,52,0,0
BRDA:460,52,1,0
BRDA:472,53,0,0
BRDA:472,53,1,0
BRDA:477,54,0,0
BRDA:477,54,1,0
BRF:111
BRH:0
end_of_record
TN:
SF:src/components/MediaThumbnail.tsx
FN:18,MediaThumbnail
FN:25,(anonymous_1)
FN:30,(anonymous_2)
FN:36,(anonymous_3)
FN:39,(anonymous_4)
FN:71,(anonymous_5)
FN:97,(anonymous_6)
FNF:7
FNH:0
FNDA:0,MediaThumbnail
FNDA:0,(anonymous_1)
FNDA:0,(anonymous_2)
FNDA:0,(anonymous_3)
FNDA:0,(anonymous_4)
FNDA:0,(anonymous_5)
FNDA:0,(anonymous_6)
DA:19,0
DA:20,0
DA:21,0
DA:22,0
DA:25,0
DA:26,0
DA:27,0
DA:28,0
DA:31,0
DA:32,0
DA:33,0
DA:37,0
DA:40,0
DA:42,0
DA:43,0
DA:48,0
DA:71,0
DA:97,0
LF:18
LH:0
BRDA:18,0,0,0
BRDA:18,1,0,0
BRDA:20,2,0,0
BRDA:20,2,1,0
BRDA:26,3,0,0
BRDA:26,3,1,0
BRDA:26,4,0,0
BRDA:26,4,1,0
BRDA:26,4,2,0
BRDA:26,4,3,0
BRDA:31,5,0,0
BRDA:31,5,1,0
BRDA:31,6,0,0
BRDA:31,6,1,0
BRDA:42,7,0,0
BRDA:42,7,1,0
BRDA:42,8,0,0
BRDA:42,8,1,0
BRDA:56,9,0,0
BRDA:56,9,1,0
BRDA:57,10,0,0
BRDA:57,10,1,0
BRDA:61,11,0,0
BRDA:61,11,1,0
BRDA:62,12,0,0
BRDA:62,12,1,0
BRDA:76,13,0,0
BRDA:76,13,1,0
BRDA:83,14,0,0
BRDA:83,14,1,0
BRDA:91,15,0,0
BRDA:91,15,1,0
BRDA:102,16,0,0
BRDA:102,16,1,0
BRDA:102,16,2,0
BRDA:111,17,0,0
BRDA:111,17,1,0
BRDA:111,17,2,0
BRDA:118,18,0,0
BRDA:118,18,1,0
BRF:40
BRH:0
end_of_record
TN:
SF:src/components/MediaUploadGrid.tsx
FN:33,MediaUploadGrid
FN:47,(anonymous_1)
FN:58,(anonymous_2)
FN:66,(anonymous_3)
FN:75,(anonymous_4)
FN:85,(anonymous_5)
FN:92,(anonymous_6)
FN:109,(anonymous_7)
FN:110,(anonymous_8)
FN:111,(anonymous_9)
FN:116,(anonymous_10)
FN:163,(anonymous_11)
FN:247,(anonymous_12)
FN:248,(anonymous_13)
FN:258,(anonymous_14)
FN:264,(anonymous_15)
FN:265,(anonymous_16)
FN:272,(anonymous_17)
FN:277,(anonymous_18)
FN:285,(anonymous_19)
FN:289,(anonymous_20)
FN:294,(anonymous_21)
FN:303,(anonymous_22)
FN:309,(anonymous_23)
FN:312,(anonymous_24)
FN:346,(anonymous_25)
FN:414,(anonymous_26)
FN:415,(anonymous_27)
FN:426,(anonymous_28)
FNF:29
FNH:0
FNDA:0,MediaUploadGrid
FNDA:0,(anonymous_1)
FNDA:0,(anonymous_2)
FNDA:0,(anonymous_3)
FNDA:0,(anonymous_4)
FNDA:0,(anonymous_5)
FNDA:0,(anonymous_6)
FNDA:0,(anonymous_7)
FNDA:0,(anonymous_8)
FNDA:0,(anonymous_9)
FNDA:0,(anonymous_10)
FNDA:0,(anonymous_11)
FNDA:0,(anonymous_12)
FNDA:0,(anonymous_13)
FNDA:0,(anonymous_14)
FNDA:0,(anonymous_15)
FNDA:0,(anonymous_16)
FNDA:0,(anonymous_17)
FNDA:0,(anonymous_18)
FNDA:0,(anonymous_19)
FNDA:0,(anonymous_20)
FNDA:0,(anonymous_21)
FNDA:0,(anonymous_22)
FNDA:0,(anonymous_23)
FNDA:0,(anonymous_24)
FNDA:0,(anonymous_25)
FNDA:0,(anonymous_26)
FNDA:0,(anonymous_27)
FNDA:0,(anonymous_28)
DA:34,0
DA:35,0
DA:36,0
DA:37,0
DA:40,0
DA:41,0
DA:43,0
DA:44,0
DA:47,0
DA:48,0
DA:49,0
DA:53,0
DA:54,0
DA:55,0
DA:56,0
DA:58,0
DA:59,0
DA:60,0
DA:61,0
DA:62,0
DA:63,0
DA:64,0
DA:66,0
DA:68,0
DA:70,0
DA:71,0
DA:72,0
DA:73,0
DA:75,0
DA:77,0
DA:80,0
DA:81,0
DA:85,0
DA:86,0
DA:87,0
DA:93,0
DA:95,0
DA:96,0
DA:98,0
DA:99,0
DA:101,0
DA:102,0
DA:107,0
DA:109,0
DA:110,0
DA:111,0
DA:116,0
DA:117,0
DA:118,0
DA:120,0
DA:121,0
DA:122,0
DA:130,0
DA:131,0
DA:132,0
DA:142,0
DA:143,0
DA:145,0
DA:146,0
DA:147,0
DA:148,0
DA:154,0
DA:157,0
DA:159,0
DA:163,0
DA:164,0
DA:165,0
DA:167,0
DA:168,0
DA:169,0
DA:172,0
DA:184,0
DA:185,0
DA:187,0
DA:188,0
DA:191,0
DA:192,0
DA:193,0
DA:198,0
DA:199,0
DA:202,0
DA:203,0
DA:204,0
DA:205,0
DA:207,0
DA:210,0
DA:215,0
DA:225,0
DA:226,0
DA:228,0
DA:229,0
DA:231,0
DA:237,0
DA:240,0
DA:244,0
DA:245,0
DA:247,0
DA:248,0
DA:251,0
DA:254,0
DA:258,0
DA:259,0
DA:265,0
DA:266,0
DA:272,0
DA:273,0
DA:274,0
DA:277,0
DA:278,0
DA:282,0
DA:285,0
DA:289,0
DA:294,0
DA:295,0
DA:296,0
DA:298,0
DA:302,0
DA:303,0
DA:305,0
DA:310,0
DA:312,0
DA:346,0
DA:414,0
DA:415,0
DA:426,0
LF:125
LH:0
BRDA:33,0,0,0
BRDA:33,1,0,0
BRDA:53,2,0,0
BRDA:53,2,1,0
BRDA:60,3,0,0
BRDA:60,3,1,0
BRDA:61,4,0,0
BRDA:61,4,1,0
BRDA:63,5,0,0
BRDA:63,5,1,0
BRDA:70,6,0,0
BRDA:70,6,1,0
BRDA:72,7,0,0
BRDA:72,7,1,0
BRDA:86,8,0,0
BRDA:86,8,1,0
BRDA:93,9,0,0
BRDA:93,9,1,0
BRDA:93,9,2,0
BRDA:117,10,0,0
BRDA:117,10,1,0
BRDA:118,11,0,0
BRDA:118,11,1,0
BRDA:123,12,0,0
BRDA:123,12,1,0
BRDA:130,13,0,0
BRDA:130,13,1,0
BRDA:130,14,0,0
BRDA:130,14,1,0
BRDA:135,15,0,0
BRDA:135,15,1,0
BRDA:138,16,0,0
BRDA:138,16,1,0
BRDA:142,17,0,0
BRDA:142,17,1,0
BRDA:146,18,0,0
BRDA:146,18,1,0
BRDA:147,19,0,0
BRDA:147,19,1,0
BRDA:165,20,0,0
BRDA:165,20,1,0
BRDA:184,21,0,0
BRDA:184,21,1,0
BRDA:184,22,0,0
BRDA:184,22,1,0
BRDA:191,23,0,0
BRDA:191,23,1,0
BRDA:198,24,0,0
BRDA:198,24,1,0
BRDA:198,25,0,0
BRDA:198,25,1,0
BRDA:202,26,0,0
BRDA:202,26,1,0
BRDA:202,27,0,0
BRDA:202,27,1,0
BRDA:218,28,0,0
BRDA:218,28,1,0
BRDA:221,29,0,0
BRDA:221,29,1,0
BRDA:225,30,0,0
BRDA:225,30,1,0
BRDA:229,31,0,0
BRDA:229,31,1,0
BRDA:244,32,0,0
BRDA:244,32,1,0
BRDA:295,33,0,0
BRDA:295,33,1,0
BRDA:317,34,0,0
BRDA:317,34,1,0
BRDA:317,35,0,0
BRDA:317,35,1,0
BRDA:331,36,0,0
BRDA:331,36,1,0
BRDA:336,37,0,0
BRDA:336,37,1,0
BRDA:357,38,0,0
BRDA:357,38,1,0
BRDA:370,39,0,0
BRDA:370,39,1,0
BRDA:401,40,0,0
BRDA:401,40,1,0
BRDA:401,40,2,0
BRDA:412,41,0,0
BRDA:412,41,1,0
BRF:84
BRH:0
end_of_record
TN:
SF:src/components/MediaUploadProgress.tsx
FN:31,(anonymous_0)
FN:50,(anonymous_1)
FN:56,(anonymous_2)
FN:57,(anonymous_3)
FN:63,(anonymous_4)
FN:69,(anonymous_5)
FN:75,(anonymous_6)
FN:90,(anonymous_7)
FN:105,(anonymous_8)
FNF:9
FNH:0
FNDA:0,(anonymous_0)
FNDA:0,(anonymous_1)
FNDA:0,(anonymous_2)
FNDA:0,(anonymous_3)
FNDA:0,(anonymous_4)
FNDA:0,(anonymous_5)
FNDA:0,(anonymous_6)
FNDA:0,(anonymous_7)
FNDA:0,(anonymous_8)
DA:31,0
DA:45,0
DA:46,0
DA:47,0
DA:50,0
DA:51,0
DA:56,0
DA:57,0
DA:58,0
DA:63,0
DA:64,0
DA:69,0
DA:70,0
DA:75,0
DA:76,0
DA:78,0
DA:80,0
DA:82,0
DA:84,0
DA:86,0
DA:90,0
DA:91,0
DA:93,0
DA:95,0
DA:97,0
DA:99,0
DA:101,0
DA:105,0
DA:106,0
DA:108,0
DA:110,0
DA:112,0
DA:116,0
DA:213,0
LF:34
LH:0
BRDA:76,0,0,0
BRDA:76,0,1,0
BRDA:76,0,2,0
BRDA:76,0,3,0
BRDA:76,0,4,0
BRDA:78,1,0,0
BRDA:78,1,1,0
BRDA:91,2,0,0
BRDA:91,2,1,0
BRDA:91,2,2,0
BRDA:91,2,3,0
BRDA:91,2,4,0
BRDA:106,3,0,0
BRDA:106,3,1,0
BRDA:106,3,2,0
BRDA:124,4,0,0
BRDA:124,4,1,0
BRDA:127,5,0,0
BRDA:127,5,1,0
BRDA:144,6,0,0
BRDA:144,6,1,0
BRDA:151,7,0,0
BRDA:151,7,1,0
BRDA:151,7,2,0
BRDA:159,8,0,0
BRDA:159,8,1,0
BRDA:163,9,0,0
BRDA:163,9,1,0
BRDA:163,9,2,0
BRDA:169,10,0,0
BRDA:169,10,1,0
BRDA:169,10,2,0
BRDA:175,11,0,0
BRDA:175,11,1,0
BRDA:175,11,2,0
BRDA:181,12,0,0
BRDA:181,12,1,0
BRDA:190,13,0,0
BRDA:190,13,1,0
BRDA:190,13,2,0
BRDA:196,14,0,0
BRDA:196,14,1,0
BRDA:196,14,2,0
BRDA:196,14,3,0
BRDA:202,15,0,0
BRDA:202,15,1,0
BRDA:202,15,2,0
BRF:47
BRH:0
end_of_record
TN:
SF:src/components/MediaViewer.tsx
FN:33,MediaViewer
FN:61,(anonymous_1)
FN:78,(anonymous_2)
FN:85,(anonymous_3)
FN:97,(anonymous_4)
FN:100,(anonymous_5)
FN:105,(anonymous_6)
FN:109,(anonymous_7)
FN:117,(anonymous_8)
FN:121,(anonymous_9)
FN:132,(anonymous_10)
FN:165,(anonymous_11)
FN:170,(anonymous_12)
FN:174,(anonymous_13)
FN:178,(anonymous_14)
FN:190,(anonymous_15)
FN:191,(anonymous_16)
FN:203,(anonymous_17)
FN:234,(anonymous_18)
FN:237,(anonymous_19)
FN:252,(anonymous_20)
FN:284,(anonymous_21)
FN:343,(anonymous_22)
FN:360,(anonymous_23)
FN:366,(anonymous_24)
FN:385,(anonymous_25)
FN:399,(anonymous_26)
FN:434,(anonymous_27)
FN:447,(anonymous_28)
FN:470,formatDuration
FNF:30
FNH:0
FNDA:0,MediaViewer
FNDA:0,(anonymous_1)
FNDA:0,(anonymous_2)
FNDA:0,(anonymous_3)
FNDA:0,(anonymous_4)
FNDA:0,(anonymous_5)
FNDA:0,(anonymous_6)
FNDA:0,(anonymous_7)
FNDA:0,(anonymous_8)
FNDA:0,(anonymous_9)
FNDA:0,(anonymous_10)
FNDA:0,(anonymous_11)
FNDA:0,(anonymous_12)
FNDA:0,(anonymous_13)
FNDA:0,(anonymous_14)
FNDA:0,(anonymous_15)
FNDA:0,(anonymous_16)
FNDA:0,(anonymous_17)
FNDA:0,(anonymous_18)
FNDA:0,(anonymous_19)
FNDA:0,(anonymous_20)
FNDA:0,(anonymous_21)
FNDA:0,(anonymous_22)
FNDA:0,(anonymous_23)
FNDA:0,(anonymous_24)
FNDA:0,(anonymous_25)
FNDA:0,(anonymous_26)
FNDA:0,(anonymous_27)
FNDA:0,(anonymous_28)
FNDA:0,formatDuration
DA:22,0
DA:41,0
DA:42,0
DA:43,0
DA:44,0
DA:45,0
DA:46,0
DA:47,0
DA:49,0
DA:50,0
DA:51,0
DA:54,0
DA:55,0
DA:56,0
DA:57,0
DA:58,0
DA:61,0
DA:62,0
DA:63,0
DA:64,0
DA:67,0
DA:68,0
DA:69,0
DA:71,0
DA:72,0
DA:78,0
DA:79,0
DA:80,0
DA:81,0
DA:85,0
DA:87,0
DA:89,0
DA:90,0
DA:91,0
DA:92,0
DA:97,0
DA:98,0
DA:100,0
DA:101,0
DA:102,0
DA:105,0
DA:109,0
DA:110,0
DA:111,0
DA:112,0
DA:116,0
DA:118,0
DA:119,0
DA:123,0
DA:124,0
DA:127,0
DA:128,0
DA:129,0
DA:133,0
DA:134,0
DA:136,0
DA:137,0
DA:139,0
DA:140,0
DA:141,0
DA:143,0
DA:145,0
DA:147,0
DA:148,0
DA:149,0
DA:151,0
DA:155,0
DA:159,0
DA:160,0
DA:165,0
DA:170,0
DA:174,0
DA:178,0
DA:179,0
DA:181,0
DA:182,0
DA:190,0
DA:191,0
DA:192,0
DA:195,0
DA:196,0
DA:197,0
DA:198,0
DA:199,0
DA:203,0
DA:204,0
DA:205,0
DA:206,0
DA:210,0
DA:212,0
DA:235,0
DA:238,0
DA:252,0
DA:285,0
DA:286,0
DA:287,0
DA:288,0
DA:343,0
DA:360,0
DA:367,0
DA:368,0
DA:369,0
DA:385,0
DA:399,0
DA:435,0
DA:436,0
DA:437,0
DA:447,0
DA:471,0
DA:472,0
DA:473,0
LF:111
LH:0
BRDA:39,0,0,0
BRDA:61,1,0,0
BRDA:61,1,1,0
BRDA:62,2,0,0
BRDA:62,2,1,0
BRDA:79,3,0,0
BRDA:79,3,1,0
BRDA:89,4,0,0
BRDA:89,4,1,0
BRDA:89,5,0,0
BRDA:89,5,1,0
BRDA:91,6,0,0
BRDA:91,6,1,0
BRDA:91,7,0,0
BRDA:91,7,1,0
BRDA:98,8,0,0
BRDA:98,8,1,0
BRDA:112,9,0,0
BRDA:112,9,1,0
BRDA:123,10,0,0
BRDA:123,10,1,0
BRDA:136,11,0,0
BRDA:136,11,1,0
BRDA:137,12,0,0
BRDA:137,12,1,0
BRDA:137,13,0,0
BRDA:137,13,1,0
BRDA:139,14,0,0
BRDA:139,14,1,0
BRDA:145,15,0,0
BRDA:145,15,1,0
BRDA:145,16,0,0
BRDA:145,16,1,0
BRDA:147,17,0,0
BRDA:147,17,1,0
BRDA:179,18,0,0
BRDA:179,18,1,0
BRDA:210,19,0,0
BRDA:210,19,1,0
BRDA:210,20,0,0
BRDA:210,20,1,0
BRDA:265,21,0,0
BRDA:265,21,1,0
BRDA:279,22,0,0
BRDA:279,22,1,0
BRDA:287,23,0,0
BRDA:287,23,1,0
BRDA:287,24,0,0
BRDA:287,24,1,0
BRDA:308,25,0,0
BRDA:308,25,1,0
BRDA:323,26,0,0
BRDA:323,26,1,0
BRDA:323,26,2,0
BRDA:325,27,0,0
BRDA:325,27,1,0
BRDA:326,28,0,0
BRDA:326,28,1,0
BRDA:326,28,2,0
BRDA:331,29,0,0
BRDA:331,29,1,0
BRDA:358,30,0,0
BRDA:358,30,1,0
BRDA:360,31,0,0
BRDA:360,31,1,0
BRDA:368,32,0,0
BRDA:368,32,1,0
BRDA:368,33,0,0
BRDA:368,33,1,0
BRDA:369,34,0,0
BRDA:369,34,1,0
BRDA:371,35,0,0
BRDA:371,35,1,0
BRDA:380,36,0,0
BRDA:380,36,1,0
BRDA:380,36,2,0
BRDA:383,37,0,0
BRDA:383,37,1,0
BRDA:397,38,0,0
BRDA:397,38,1,0
BRDA:420,39,0,0
BRDA:420,39,1,0
BRDA:423,40,0,0
BRDA:423,40,1,0
BRDA:425,41,0,0
BRDA:425,41,1,0
BRDA:425,41,2,0
BRDA:431,42,0,0
BRDA:431,42,1,0
BRDA:436,43,0,0
BRDA:436,43,1,0
BRDA:436,44,0,0
BRDA:436,44,1,0
BRDA:437,45,0,0
BRDA:437,45,1,0
BRF:95
BRH:0
end_of_record
TN:
SF:src/components/MessageActionsModal.tsx
FN:20,MessageActionsModal
FNF:1
FNH:0
FNDA:0,MessageActionsModal
DA:32,0
DA:34,0
LF:2
LH:0
BRDA:28,0,0,0
BRDA:29,1,0,0
BRDA:73,2,0,0
BRDA:73,2,1,0
BRDA:73,2,2,0
BRDA:95,3,0,0
BRDA:95,3,1,0
BRDA:95,3,2,0
BRF:8
BRH:0
end_of_record
TN:
SF:src/components/MessageBubble.tsx
FN:19,MessageBubble
FN:31,(anonymous_1)
FN:32,(anonymous_2)
FN:38,(anonymous_3)
FN:39,(anonymous_4)
FN:48,(anonymous_5)
FN:49,(anonymous_6)
FN:50,(anonymous_7)
FN:56,(anonymous_8)
FN:61,(anonymous_9)
FN:67,(anonymous_10)
FN:78,(anonymous_11)
FN:82,(anonymous_12)
FN:193,(anonymous_13)
FN:194,(anonymous_14)
FNF:15
FNH:0
FNDA:0,MessageBubble
FNDA:0,(anonymous_1)
FNDA:0,(anonymous_2)
FNDA:0,(anonymous_3)
FNDA:0,(anonymous_4)
FNDA:0,(anonymous_5)
FNDA:0,(anonymous_6)
FNDA:0,(anonymous_7)
FNDA:0,(anonymous_8)
FNDA:0,(anonymous_9)
FNDA:0,(anonymous_10)
FNDA:0,(anonymous_11)
FNDA:0,(anonymous_12)
FNDA:0,(anonymous_13)
FNDA:0,(anonymous_14)
DA:15,0
DA:20,0
DA:21,0
DA:23,0
DA:24,0
DA:25,0
DA:27,0
DA:28,0
DA:31,0
DA:32,0
DA:33,0
DA:38,0
DA:39,0
DA:40,0
DA:43,0
DA:44,0
DA:47,0
DA:48,0
DA:49,0
DA:56,0
DA:57,0
DA:58,0
DA:61,0
DA:62,0
DA:63,0
DA:64,0
DA:67,0
DA:68,0
DA:69,0
DA:70,0
DA:72,0
DA:73,0
DA:74,0
DA:75,0
DA:78,0
DA:82,0
DA:87,0
DA:88,0
DA:99,0
DA:194,0
LF:40
LH:0
BRDA:23,0,0,0
BRDA:23,0,1,0
BRDA:23,0,2,0
BRDA:43,1,0,0
BRDA:43,1,1,0
BRDA:58,2,0,0
BRDA:58,2,1,0
BRDA:72,3,0,0
BRDA:72,3,1,0
BRDA:73,4,0,0
BRDA:73,4,1,0
BRDA:74,5,0,0
BRDA:74,5,1,0
BRDA:87,6,0,0
BRDA:87,6,1,0
BRDA:100,7,0,0
BRDA:100,7,1,0
BRDA:102,8,0,0
BRDA:102,8,1,0
BRDA:103,9,0,0
BRDA:103,9,1,0
BRDA:119,10,0,0
BRDA:119,10,1,0
BRDA:135,11,0,0
BRDA:135,11,1,0
BRDA:141,12,0,0
BRDA:141,12,1,0
BRDA:152,13,0,0
BRDA:152,13,1,0
BRDA:159,14,0,0
BRDA:159,14,1,0
BRDA:161,15,0,0
BRDA:161,15,1,0
BRDA:171,16,0,0
BRDA:171,16,1,0
BRDA:188,17,0,0
BRDA:188,17,1,0
BRDA:191,18,0,0
BRDA:191,18,1,0
BRF:39
BRH:0
end_of_record
TN:
SF:src/components/MessageEditModal.tsx
FN:27,(anonymous_0)
FN:35,(anonymous_1)
FN:43,(anonymous_2)
FN:45,(anonymous_3)
FN:51,(anonymous_4)
FN:59,(anonymous_5)
FN:66,(anonymous_6)
FN:78,(anonymous_7)
FNF:8
FNH:0
FNDA:0,(anonymous_0)
FNDA:0,(anonymous_1)
FNDA:0,(anonymous_2)
FNDA:0,(anonymous_3)
FNDA:0,(anonymous_4)
FNDA:0,(anonymous_5)
FNDA:0,(anonymous_6)
FNDA:0,(anonymous_7)
DA:25,0
DA:27,0
DA:28,0
DA:29,0
DA:30,0
DA:31,0
DA:32,0
DA:33,0
DA:35,0
DA:36,0
DA:37,0
DA:38,0
DA:39,0
DA:43,0
DA:44,0
DA:45,0
DA:46,0
DA:51,0
DA:52,0
DA:53,0
DA:54,0
DA:55,0
DA:59,0
DA:60,0
DA:61,0
DA:67,0
DA:68,0
DA:69,0
DA:74,0
DA:78,0
DA:79,0
DA:81,0
DA:82,0
DA:83,0
DA:86,0
DA:87,0
DA:88,0
DA:91,0
DA:93,0
DA:94,0
DA:95,0
DA:96,0
DA:97,0
DA:99,0
DA:100,0
DA:102,0
DA:106,0
DA:108,0
DA:110,0
DA:178,0
LF:50
LH:0
BRDA:36,0,0,0
BRDA:36,0,1,0
BRDA:44,1,0,0
BRDA:44,1,1,0
BRDA:44,2,0,0
BRDA:44,2,1,0
BRDA:52,3,0,0
BRDA:52,3,1,0
BRDA:60,4,0,0
BRDA:60,4,1,0
BRDA:81,5,0,0
BRDA:81,5,1,0
BRDA:86,6,0,0
BRDA:86,6,1,0
BRDA:106,7,0,0
BRDA:106,7,1,0
BRDA:118,8,0,0
BRDA:118,8,1,0
BRDA:129,9,0,0
BRDA:129,9,1,0
BRDA:130,10,0,0
BRDA:130,10,1,0
BRDA:132,11,0,0
BRDA:132,11,1,0
BRDA:135,12,0,0
BRDA:135,12,1,0
BRDA:167,13,0,0
BRDA:167,13,1,0
BRDA:187,14,0,0
BRDA:187,14,1,0
BRF:30
BRH:0
end_of_record
TN:
SF:src/components/MessageReactions.tsx
FN:26,(anonymous_0)
FN:39,(anonymous_1)
FN:45,(anonymous_2)
FN:52,(anonymous_3)
FN:55,(anonymous_4)
FN:58,(anonymous_5)
FN:64,(anonymous_6)
FN:66,(anonymous_7)
FN:77,(anonymous_8)
FN:80,(anonymous_9)
FN:102,(anonymous_10)
FN:127,(anonymous_11)
FN:130,(anonymous_12)
FN:140,(anonymous_13)
FNF:14
FNH:0
FNDA:0,(anonymous_0)
FNDA:0,(anonymous_1)
FNDA:0,(anonymous_2)
FNDA:0,(anonymous_3)
FNDA:0,(anonymous_4)
FNDA:0,(anonymous_5)
FNDA:0,(anonymous_6)
FNDA:0,(anonymous_7)
FNDA:0,(anonymous_8)
FNDA:0,(anonymous_9)
FNDA:0,(anonymous_10)
FNDA:0,(anonymous_11)
FNDA:0,(anonymous_12)
FNDA:0,(anonymous_13)
DA:8,0
DA:24,0
DA:26,0
DA:32,0
DA:33,0
DA:34,0
DA:36,0
DA:37,0
DA:39,0
DA:40,0
DA:41,0
DA:42,0
DA:45,0
DA:46,0
DA:47,0
DA:48,0
DA:49,0
DA:52,0
DA:53,0
DA:54,0
DA:55,0
DA:58,0
DA:64,0
DA:65,0
DA:66,0
DA:72,0
DA:78,0
DA:80,0
DA:102,0
DA:128,0
DA:130,0
DA:141,0
DA:142,0
LF:33
LH:0
BRDA:68,0,0,0
BRDA:68,0,1,0
BRDA:68,1,0,0
BRDA:68,1,1,0
BRDA:75,2,0,0
BRDA:75,2,1,0
BRDA:83,3,0,0
BRDA:83,3,1,0
BRDA:84,4,0,0
BRDA:84,4,1,0
BRDA:85,5,0,0
BRDA:85,5,1,0
BRDA:89,6,0,0
BRDA:89,6,1,0
BRF:14
BRH:0
end_of_record
TN:
SF:src/components/MessageSearchModal.tsx
FN:48,(anonymous_0)
FN:68,(anonymous_1)
FN:75,(anonymous_2)
FN:86,(anonymous_3)
FN:88,(anonymous_4)
FN:98,(anonymous_5)
FN:99,(anonymous_6)
FN:122,(anonymous_7)
FN:153,(anonymous_8)
FN:158,(anonymous_9)
FN:185,(anonymous_10)
FN:189,(anonymous_11)
FN:194,(anonymous_12)
FN:199,(anonymous_13)
FN:204,(anonymous_14)
FN:213,(anonymous_15)
FN:214,(anonymous_16)
FN:219,(anonymous_17)
FN:241,(anonymous_18)
FN:244,(anonymous_19)
FN:251,(anonymous_20)
FN:254,(anonymous_21)
FN:289,(anonymous_22)
FN:315,(anonymous_23)
FN:325,(anonymous_24)
FN:353,(anonymous_25)
FN:367,(anonymous_26)
FN:387,(anonymous_27)
FN:397,(anonymous_28)
FNF:29
FNH:0
FNDA:0,(anonymous_0)
FNDA:0,(anonymous_1)
FNDA:0,(anonymous_2)
FNDA:0,(anonymous_3)
FNDA:0,(anonymous_4)
FNDA:0,(anonymous_5)
FNDA:0,(anonymous_6)
FNDA:0,(anonymous_7)
FNDA:0,(anonymous_8)
FNDA:0,(anonymous_9)
FNDA:0,(anonymous_10)
FNDA:0,(anonymous_11)
FNDA:0,(anonymous_12)
FNDA:0,(anonymous_13)
FNDA:0,(anonymous_14)
FNDA:0,(anonymous_15)
FNDA:0,(anonymous_16)
FNDA:0,(anonymous_17)
FNDA:0,(anonymous_18)
FNDA:0,(anonymous_19)
FNDA:0,(anonymous_20)
FNDA:0,(anonymous_21)
FNDA:0,(anonymous_22)
FNDA:0,(anonymous_23)
FNDA:0,(anonymous_24)
FNDA:0,(anonymous_25)
FNDA:0,(anonymous_26)
[...]
DA:94,0
DA:97,0
DA:98,0
DA:101,0
DA:102,0
DA:109,0
DA:111,0
DA:112,0
DA:113,0
DA:114,0
DA:121,0
DA:127,0
DA:129,0
DA:130,0
DA:131,0
DA:135,0
DA:136,0
DA:137,0
DA:138,0
LF:47
LH:0
BRDA:29,0,0,0
BRDA:29,0,1,0
BRDA:36,1,0,0
BRDA:36,1,1,0
BRDA:52,2,0,0
BRDA:52,2,1,0
BRDA:52,3,0,0
BRDA:52,3,1,0
BRDA:62,4,0,0
BRDA:62,4,1,0
BRDA:71,5,0,0
BRDA:71,5,1,0
BRDA:79,6,0,0
BRDA:79,6,1,0
BRDA:92,7,0,0
BRDA:92,7,1,0
BRDA:97,8,0,0
BRDA:97,8,1,0
BRDA:113,9,0,0
BRDA:113,9,1,0
BRDA:129,10,0,0
BRDA:129,10,1,0
BRDA:135,11,0,0
BRDA:135,11,1,0
BRDA:136,12,0,0
BRDA:136,12,1,0
BRF:26
BRH:0
end_of_record
TN:
SF:src/utils/storageDebug.ts
FN:5,(anonymous_0)
FN:36,(anonymous_1)
FN:50,(anonymous_2)
FN:68,(anonymous_3)
FNF:4
FNH:0
FNDA:0,(anonymous_0)
FNDA:0,(anonymous_1)
FNDA:0,(anonymous_2)
FNDA:0,(anonymous_3)
DA:5,0
DA:6,0
DA:11,0
DA:12,0
DA:14,0
DA:15,0
DA:19,0
DA:20,0
DA:22,0
DA:24,0
DA:25,0
DA:28,0
DA:30,0
DA:32,0
DA:36,0
DA:37,0
DA:42,0
DA:43,0
DA:44,0
DA:48,0
DA:49,0
DA:50,0
DA:54,0
DA:55,0
DA:57,0
DA:62,0
DA:63,0
DA:68,0
DA:69,0
DA:72,0
DA:73,0
DA:74,0
DA:78,0
DA:79,0
DA:82,0
DA:84,0
DA:85,0
DA:89,0
DA:90,0
DA:92,0
LF:40
LH:0
BRDA:12,0,0,0
BRDA:12,0,1,0
BRDA:12,1,0,0
BRDA:12,1,1,0
BRDA:14,2,0,0
BRDA:14,2,1,0
BRDA:24,3,0,0
BRDA:24,3,1,0
BRDA:43,4,0,0
BRDA:43,4,1,0
BRDA:50,5,0,0
BRDA:50,5,1,0
BRDA:50,6,0,0
BRDA:50,6,1,0
BRDA:62,7,0,0
BRDA:62,7,1,0
BRDA:73,8,0,0
BRDA:73,8,1,0
BRDA:84,9,0,0
BRDA:84,9,1,0
BRF:20
BRH:0
end_of_record
TN:
SF:src/utils/subscriptionUtils.ts
FN:9,initializeUserSubscription
FN:53,syncSubscriptionOnLaunch
FN:82,handleSubscriptionExpiration
FN:120,checkAndHandleExpiredSubscriptions
FN:142,getSubscriptionDisplayInfo
FN:194,formatSubscriptionTier
FN:209,formatSubscriptionStatus
FN:227,getSubscriptionBenefits
FN:251,purchasePackage
FN:268,canAccessFeature
FNF:10
FNH:0
FNDA:0,initializeUserSubscription
FNDA:0,syncSubscriptionOnLaunch
FNDA:0,handleSubscriptionExpiration
FNDA:0,checkAndHandleExpiredSubscriptions
FNDA:0,getSubscriptionDisplayInfo
FNDA:0,formatSubscriptionTier
FNDA:0,formatSubscriptionStatus
FNDA:0,getSubscriptionBenefits
FNDA:0,purchasePackage
FNDA:0,canAccessFeature
DA:10,0
DA:12,0
DA:18,0
DA:19,0
DA:23,0
DA:24,0
DA:32,0
DA:33,0
DA:39,0
DA:46,0
DA:54,0
DA:57,0
DA:59,0
DA:60,0
DA:63,0
DA:66,0
DA:67,0
DA:71,0
DA:72,0
DA:75,0
DA:83,0
DA:85,0
DA:94,0
DA:95,0
DA:99,0
DA:107,0
DA:108,0
DA:109,0
DA:112,0
DA:113,0
DA:121,0
DA:124,0
DA:126,0
DA:128,0
DA:131,0
DA:132,0
DA:135,0
DA:149,0
DA:150,0
DA:152,0
DA:153,0
DA:155,0
DA:156,0
DA:157,0
DA:158,0
DA:159,0
DA:160,0
DA:161,0
DA:163,0
DA:165,0
DA:166,0
DA:167,0
DA:168,0
DA:172,0
DA:180,0
DA:181,0
DA:195,0
DA:197,0
DA:199,0
DA:202,0
DA:210,0
DA:212,0
DA:214,0
DA:216,0
DA:218,0
DA:220,0
DA:228,0
DA:230,0
DA:232,0
DA:241,0
DA:252,0
DA:253,0
DA:255,0
DA:258,0
DA:260,0
DA:261,0
DA:269,0
DA:270,0
DA:272,0
DA:273,0
DA:276,0
DA:278,0
DA:279,0
LF:83
LH:0
BRDA:18,0,0,0
BRDA:18,0,1,0
BRDA:23,1,0,0
BRDA:23,1,1,0
BRDA:32,2,0,0
BRDA:32,2,1,0
BRDA:59,3,0,0
BRDA:59,3,1,0
BRDA:66,4,0,0
BRDA:66,4,1,0
BRDA:71,5,0,0
BRDA:71,5,1,0
BRDA:94,6,0,0
BRDA:94,6,1,0
BRDA:108,7,0,0
BRDA:108,7,1,0
BRDA:126,8,0,0
BRDA:126,8,1,0
BRDA:131,9,0,0
BRDA:131,9,1,0
BRDA:131,10,0,0
BRDA:131,10,1,0
BRDA:131,10,2,0
BRDA:155,11,0,0
BRDA:155,11,1,0
BRDA:157,12,0,0
BRDA:157,12,1,0
BRDA:165,13,0,0
BRDA:165,13,1,0
BRDA:167,14,0,0
BRDA:167,14,1,0
BRDA:195,15,0,0
BRDA:195,15,1,0
BRDA:195,15,2,0
BRDA:195,15,3,0
BRDA:210,16,0,0
BRDA:210,16,1,0
BRDA:210,16,2,0
BRDA:210,16,3,0
BRDA:210,16,4,0
BRDA:228,17,0,0
BRDA:228,17,1,0
BRDA:228,17,2,0
BRDA:228,17,3,0
BRDA:272,18,0,0
BRDA:272,18,1,0
BRDA:273,19,0,0
BRDA:273,19,1,0
BRDA:276,20,0,0
BRDA:276,20,1,0
BRF:50
BRH:0
end_of_record
TN:
SF:src/utils/supabaseAuthTests.ts
FN:18,(anonymous_0)
FN:43,(anonymous_1)
FN:71,(anonymous_2)
FN:72,(anonymous_3)
FN:81,(anonymous_4)
FN:82,(anonymous_5)
FN:102,(anonymous_6)
FN:103,(anonymous_7)
FN:105,(anonymous_8)
FN:122,(anonymous_9)
FN:123,(anonymous_10)
FN:138,(anonymous_11)
FN:139,(anonymous_12)
FN:154,(anonymous_13)
FN:155,(anonymous_14)
FN:161,(anonymous_15)
FN:162,(anonymous_16)
FN:175,(anonymous_17)
FN:176,(anonymous_18)
FN:193,(anonymous_19)
FN:194,(anonymous_20)
FN:208,(anonymous_21)
FN:209,(anonymous_22)
FN:225,(anonymous_23)
FN:226,(anonymous_24)
FN:227,(anonymous_25)
FN:228,(anonymous_26)
FN:233,(anonymous_27)
FN:234,(anonymous_28)
FN:240,(anonymous_29)
FN:253,(anonymous_30)
FN:271,(anonymous_31)
FN:285,(anonymous_32)
FNF:33
FNH:0
FNDA:0,(anonymous_0)
FNDA:0,(anonymous_1)
FNDA:0,(anonymous_2)
FNDA:0,(anonymous_3)
FNDA:0,(anonymous_4)
FNDA:0,(anonymous_5)
FNDA:0,(anonymous_6)
FNDA:0,(anonymous_7)
FNDA:0,(anonymous_8)
FNDA:0,(anonymous_9)
FNDA:0,(anonymous_10)
FNDA:0,(anonymous_11)
FNDA:0,(anonymous_12)
FNDA:0,(anonymous_13)
FNDA:0,(anonymous_14)
FNDA:0,(anonymous_15)
FNDA:0,(anonymous_16)
FNDA:0,(anonymous_17)
FNDA:0,(anonymous_18)
FNDA:0,(anonymous_19)
FNDA:0,(anonymous_20)
FNDA:0,(anonymous_21)
FNDA:0,(anonymous_22)
FNDA:0,(anonymous_23)
FNDA:0,(anonymous_24)
FNDA:0,(anonymous_25)
FNDA:0,(anonymous_26)
FNDA:0,(anonymous_27)
FNDA:0,(anonymous_28)
FNDA:0,(anonymous_29)
FNDA:0,(anonymous_30)
FNDA:0,(anonymous_31)
FNDA:0,(anonymous_32)
DA:14,0
DA:15,0
DA:16,0
DA:19,0
DA:22,0
DA:25,0
DA:26,0
DA:27,0
DA:28,0
DA:29,0
DA:30,0
DA:33,0
DA:34,0
DA:37,0
DA:39,0
DA:40,0
DA:44,0
DA:45,0
DA:46,0
DA:47,0
DA:49,0
DA:56,0
DA:58,0
DA:60,0
DA:67,0
DA:72,0
DA:73,0
DA:74,0
DA:75,0
DA:77,0
DA:82,0
DA:83,0
DA:85,0
DA:86,0
DA:90,0
DA:92,0
DA:103,0
DA:105,0
DA:107,0
DA:109,0
DA:110,0
DA:113,0
DA:123,0
DA:124,0
DA:126,0
DA:127,0
DA:130,0
DA:139,0
DA:140,0
DA:142,0
DA:143,0
DA:146,0
DA:155,0
DA:156,0
DA:157,0
DA:162,0
DA:163,0
DA:166,0
DA:167,0
DA:168,0
DA:171,0
DA:176,0
DA:177,0
DA:178,0
DA:179,0
DA:182,0
DA:186,0
DA:188,0
DA:194,0
DA:195,0
DA:196,0
DA:197,0
DA:200,0
DA:201,0
DA:203,0
DA:209,0
DA:211,0
DA:213,0
DA:214,0
DA:217,0
DA:218,0
DA:220,0
DA:226,0
DA:227,0
DA:228,0
DA:230,0
DA:231,0
DA:232,0
DA:233,0
DA:235,0
DA:239,0
DA:240,0
DA:241,0
DA:242,0
DA:243,0
DA:244,0
DA:246,0
DA:247,0
DA:254,0
DA:255,0
DA:256,0
DA:257,0
DA:258,0
DA:260,0
DA:262,0
DA:263,0
DA:268,0
DA:271,0
DA:272,0
DA:273,0
DA:274,0
DA:276,0
DA:277,0
DA:280,0
DA:285,0
DA:286,0
LF:116
LH:0
BRDA:63,0,0,0
BRDA:63,0,1,0
BRDA:74,1,0,0
BRDA:74,1,1,0
BRDA:74,2,0,0
BRDA:74,2,1,0
BRDA:85,3,0,0
BRDA:85,3,1,0
BRDA:109,4,0,0
BRDA:109,4,1,0
BRDA:109,5,0,0
BRDA:109,5,1,0
BRDA:126,6,0,0
BRDA:126,6,1,0
BRDA:142,7,0,0
BRDA:142,7,1,0
BRDA:167,8,0,0
BRDA:167,8,1,0
BRDA:182,9,0,0
BRDA:182,9,1,0
BRDA:183,10,0,0
BRDA:183,10,1,0
BRDA:200,11,0,0
BRDA:200,11,1,0
BRDA:200,12,0,0
BRDA:200,12,1,0
BRDA:217,13,0,0
BRDA:217,13,1,0
BRDA:217,14,0,0
BRDA:217,14,1,0
BRDA:230,15,0,0
BRDA:230,15,1,0
BRDA:241,16,0,0
BRDA:241,16,1,0
BRDA:243,17,0,0
BRDA:243,17,1,0
BRDA:246,18,0,0
BRDA:246,18,1,0
BRDA:256,19,0,0
BRDA:256,19,1,0
BRDA:256,20,0,0
BRDA:256,20,1,0
BRDA:272,21,0,0
BRDA:272,21,1,0
BRF:44
BRH:0
end_of_record
TN:
SF:src/utils/supabaseTestSuite.ts
FN:36,(anonymous_0)
FN:62,(anonymous_1)
FN:63,(anonymous_2)
FN:77,(anonymous_3)
FN:78,(anonymous_4)
FN:86,(anonymous_5)
FN:87,(anonymous_6)
FN:109,(anonymous_7)
FN:110,(anonymous_8)
FN:115,(anonymous_9)
FN:122,(anonymous_10)
FN:123,(anonymous_11)
FN:133,(anonymous_12)
FN:134,(anonymous_13)
FN:139,(anonymous_14)
FN:144,(anonymous_15)
FN:168,(anonymous_16)
FN:169,(anonymous_17)
FN:176,(anonymous_18)
FN:177,(anonymous_19)
FN:182,(anonymous_20)
FN:189,(anonymous_21)
FN:196,(anonymous_22)
FN:197,(anonymous_23)
FN:202,(anonymous_24)
FN:223,(anonymous_25)
FN:231,(anonymous_26)
FN:232,(anonymous_27)
FN:239,(anonymous_28)
FN:248,(anonymous_29)
FN:279,(anonymous_30)
FN:280,(anonymous_31)
FN:281,(anonymous_32)
FN:293,(anonymous_33)
FN:294,(anonymous_34)
FN:303,(anonymous_35)
FNF:36
FNH:0
FNDA:0,(anonymous_0)
FNDA:0,(anonymous_1)
FNDA:0,(anonymous_2)
FNDA:0,(anonymous_3)
FNDA:0,(anonymous_4)
FNDA:0,(anonymous_5)
FNDA:0,(anonymous_6)
FNDA:0,(anonymous_7)
FNDA:0,(anonymous_8)
FNDA:0,(anonymous_9)
FNDA:0,(anonymous_10)
FNDA:0,(anonymous_11)
FNDA:0,(anonymous_12)
FNDA:0,(anonymous_13)
FNDA:0,(anonymous_14)
FNDA:0,(anonymous_15)
FNDA:0,(anonymous_16)
FNDA:0,(anonymous_17)
FNDA:0,(anonymous_18)
FNDA:0,(anonymous_19)
FNDA:0,(anonymous_20)
FNDA:0,(anonymous_21)
FNDA:0,(anonymous_22)
FNDA:0,(anonymous_23)
FNDA:0,(anonymous_24)
FNDA:0,(anonymous_25)
FNDA:0,(anonymous_26)
FNDA:0,(anonymous_27)
FNDA:0,(anonymous_28)
FNDA:0,(anonymous_29)
FNDA:0,(anonymous_30)
FNDA:0,(anonymous_31)
FNDA:0,(anonymous_32)
FNDA:0,(anonymous_33)
FNDA:0,(anonymous_34)
FNDA:0,(anonymous_35)
DA:32,0
DA:33,0
DA:37,0
DA:38,0
DA:41,0
DA:42,0
DA:45,0
DA:48,0
DA:49,0
DA:50,0
DA:53,0
DA:56,0
DA:59,0
DA:61,0
DA:62,0
DA:63,0
DA:65,0
DA:73,0
DA:78,0
DA:79,0
DA:80,0
DA:81,0
DA:87,0
DA:88,0
DA:99,0
DA:100,0
DA:101,0
DA:104,0
DA:110,0
DA:111,0
DA:112,0
DA:115,0
DA:116,0
DA:117,0
DA:123,0
DA:124,0
DA:125,0
DA:127,0
DA:128,0
DA:134,0
DA:135,0
DA:136,0
DA:139,0
DA:140,0
DA:141,0
DA:144,0
DA:145,0
DA:146,0
DA:147,0
DA:148,0
DA:150,0
DA:151,0
DA:152,0
DA:153,0
DA:154,0
DA:155,0
DA:156,0
DA:157,0
DA:163,0
DA:169,0
DA:170,0
DA:171,0
DA:177,0
DA:178,0
DA:179,0
DA:182,0
DA:183,0
DA:184,0
DA:185,0
DA:186,0
DA:189,0
DA:190,0
DA:191,0
DA:197,0
DA:198,0
DA:199,0
DA:202,0
DA:203,0
DA:206,0
DA:207,0
DA:208,0
DA:210,0
DA:211,0
DA:213,0
DA:214,0
DA:216,0
DA:219,0
DA:223,0
DA:224,0
DA:225,0
DA:226,0
DA:232,0
DA:233,0
DA:234,0
DA:235,0
DA:236,0
DA:239,0
DA:240,0
DA:241,0
DA:242,0
DA:243,0
DA:249,0
DA:250,0
DA:251,0
DA:252,0
DA:254,0
DA:261,0
DA:263,0
DA:264,0
DA:266,0
DA:274,0
DA:280,0
DA:281,0
DA:282,0
DA:284,0
DA:285,0
DA:286,0
DA:287,0
DA:288,0
DA:290,0
DA:291,0
DA:292,0
DA:293,0
DA:295,0
DA:299,0
DA:304,0
DA:306,0
DA:307,0
DA:310,0
DA:313,0
DA:314,0
DA:315,0
DA:317,0
DA:319,0
DA:325,0
LF:135
LH:0
BRDA:80,0,0,0
BRDA:80,0,1,0
BRDA:101,1,0,0
BRDA:101,1,1,0
BRDA:112,2,0,0
BRDA:112,2,1,0
BRDA:117,3,0,0
BRDA:117,3,1,0
BRDA:125,4,0,0
BRDA:125,4,1,0
BRDA:128,5,0,0
BRDA:128,5,1,0
BRDA:136,6,0,0
BRDA:136,6,1,0
BRDA:141,7,0,0
BRDA:141,7,1,0
BRDA:150,8,0,0
BRDA:150,8,1,0
BRDA:151,9,0,0
BRDA:151,9,1,0
BRDA:151,10,0,0
BRDA:151,10,1,0
BRDA:154,11,0,0
BRDA:154,11,1,0
BRDA:154,12,0,0
BRDA:154,12,1,0
BRDA:156,13,0,0
BRDA:156,13,1,0
BRDA:156,14,0,0
BRDA:156,14,1,0
BRDA:213,15,0,0
BRDA:213,15,1,0
BRDA:213,16,0,0
BRDA:213,16,1,0
BRDA:213,16,2,0
BRDA:225,17,0,0
BRDA:225,17,1,0
BRDA:235,18,0,0
BRDA:235,18,1,0
BRDA:242,19,0,0
BRDA:242,19,1,0
BRDA:264,20,0,0
BRDA:264,20,1,0
BRDA:290,21,0,0
BRDA:290,21,1,0
BRDA:307,22,0,0
BRDA:307,22,1,0
BRF:47
BRH:0
end_of_record
TN:
SF:src/utils/test-utils.tsx
FN:7,(anonymous_0)
FN:16,(anonymous_1)
FN:26,(anonymous_2)
FN:36,(anonymous_3)
FN:48,(anonymous_4)
FN:59,(anonymous_5)
FN:69,(anonymous_6)
FN:69,(anonymous_7)
FN:71,(anonymous_8)
FN:71,(anonymous_9)
FN:83,(anonymous_10)
FN:84,(anonymous_11)
FN:85,(anonymous_12)
FNF:13
FNH:0
FNDA:0,(anonymous_0)
FNDA:0,(anonymous_1)
FNDA:0,(anonymous_2)
FNDA:0,(anonymous_3)
FNDA:0,(anonymous_4)
FNDA:0,(anonymous_5)
FNDA:0,(anonymous_6)
FNDA:0,(anonymous_7)
FNDA:0,(anonymous_8)
FNDA:0,(anonymous_9)
FNDA:0,(anonymous_10)
FNDA:0,(anonymous_11)
FNDA:0,(anonymous_12)
DA:7,0
DA:8,0
DA:16,0
DA:17,0
DA:26,0
DA:36,0
DA:48,0
DA:59,0
DA:69,0
DA:71,0
DA:74,0
DA:83,0
DA:84,0
DA:85,0
DA:93,0
LF:15
LH:0
BRDA:26,0,0,0
BRDA:36,1,0,0
BRDA:48,2,0,0
BRDA:59,3,0,0
BRDA:69,4,0,0
BRF:5
BRH:0
end_of_record
TN:
SF:src/utils/uiValidation.ts
FN:61,(anonymous_0)
FN:65,(anonymous_1)
FN:75,(anonymous_2)
FN:79,(anonymous_3)
FN:87,(anonymous_4)
FN:95,(anonymous_5)
FN:103,(anonymous_6)
FN:111,(anonymous_7)
FN:120,(anonymous_8)
FN:194,(anonymous_9)
FN:248,(anonymous_10)
FN:310,(anonymous_11)
FN:324,(anonymous_12)
FN:378,(anonymous_13)
FN:406,(anonymous_14)
FN:415,(anonymous_15)
FN:431,(anonymous_16)
FN:440,(anonymous_17)
FN:448,(anonymous_18)
FN:459,(anonymous_19)
FN:471,(anonymous_20)
FN:484,(anonymous_21)
FN:497,(anonymous_22)
FN:510,(anonymous_23)
FN:518,(anonymous_24)
FN:522,(anonymous_25)
FN:531,(anonymous_26)
FN:534,(anonymous_27)
FN:541,(anonymous_28)
FN:542,(anonymous_29)
FN:548,(anonymous_30)
FN:554,(anonymous_31)
FN:570,(anonymous_32)
FN:578,(anonymous_33)
FN:582,(anonymous_34)
FN:586,(anonymous_35)
FN:597,(anonymous_36)
FN:599,(anonymous_37)
FN:600,(anonymous_38)
FN:630,(anonymous_39)
FN:652,(anonymous_40)
FN:662,(anonymous_41)
FN:670,(anonymous_42)
FNF:43
FNH:0
FNDA:0,(anonymous_0)
FNDA:0,(anonymous_1)
FNDA:0,(anonymous_2)
FNDA:0,(anonymous_3)
FNDA:0,(anonymous_4)
FNDA:0,(anonymous_5)
FNDA:0,(anonymous_6)
FNDA:0,(anonymous_7)
FNDA:0,(anonymous_8)
FNDA:0,(anonymous_9)
FNDA:0,(anonymous_10)
FNDA:0,(anonymous_11)
FNDA:0,(anonymous_12)
FNDA:0,(anonymous_13)
FNDA:0,(anonymous_14)
FNDA:0,(anonymous_15)
FNDA:0,(anonymous_16)
FNDA:0,(anonymous_17)
FNDA:0,(anonymous_18)
FNDA:0,(anonymous_19)
FNDA:0,(anonymous_20)
FNDA:0,(anonymous_21)
FNDA:0,(anonymous_22)
FNDA:0,(anonymous_23)
FNDA:0,(anonymous_24)
FNDA:0,(anonymous_25)
FNDA:0,(anonymous_26)
FNDA:0,(anonymous_27)
FNDA:0,(anonymous_28)
FNDA:0,(anonymous_29)
FNDA:0,(anonymous_30)
FNDA:0,(anonymous_31)
FNDA:0,(anonymous_32)
FNDA:0,(anonymous_33)
FNDA:0,(anonymous_34)
FNDA:0,(anonymous_35)
FNDA:0,(anonymous_36)
FNDA:0,(anonymous_37)
FNDA:0,(anonymous_38)
FNDA:0,(anonymous_39)
FNDA:0,(anonymous_40)
FNDA:0,(anonymous_41)
FNDA:0,(anonymous_42)
DA:56,0
DA:57,0
DA:58,0
DA:59,0
DA:62,0
DA:66,0
DA:67,0
DA:69,0
DA:77,0
DA:79,0
DA:85,0
DA:87,0
DA:93,0
DA:95,0
DA:101,0
DA:103,0
DA:109,0
DA:111,0
DA:121,0
DA:122,0
DA:130,0
DA:133,0
DA:134,0
DA:135,0
DA:136,0
DA:137,0
DA:142,0
DA:143,0
DA:144,0
DA:147,0
DA:148,0
DA:149,0
DA:150,0
DA:151,0
DA:153,0
DA:154,0
DA:155,0
DA:157,0
DA:158,0
DA:160,0
DA:161,0
DA:165,0
DA:170,0
DA:171,0
DA:175,0
DA:183,0
DA:188,0
DA:201,0
DA:209,0
DA:211,0
DA:212,0
DA:214,0
DA:217,0
DA:219,0
DA:220,0
DA:221,0
DA:225,0
DA:226,0
DA:227,0
DA:228,0
DA:231,0
DA:232,0
DA:236,0
DA:242,0
DA:249,0
DA:257,0
DA:260,0
DA:261,0
DA:262,0
DA:266,0
DA:267,0
DA:268,0
DA:272,0
DA:273,0
DA:274,0
DA:278,0
DA:279,0
DA:280,0
DA:284,0
DA:285,0
DA:286,0
DA:290,0
DA:291,0
DA:293,0
DA:294,0
DA:295,0
DA:297,0
DA:298,0
DA:300,0
DA:301,0
DA:306,0
DA:307,0
DA:310,0
DA:314,0
DA:315,0
DA:318,0
DA:325,0
DA:333,0
DA:334,0
DA:337,0
DA:338,0
DA:339,0
DA:341,0
DA:348,0
DA:349,0
DA:351,0
DA:352,0
DA:353,0
DA:355,0
DA:360,0
DA:367,0
DA:368,0
DA:369,0
DA:372,0
DA:379,0
DA:380,0
DA:381,0
DA:387,0
DA:399,0
DA:400,0
DA:409,0
DA:417,0
DA:418,0
DA:419,0
DA:422,0
DA:424,0
DA:434,0
DA:442,0
DA:449,0
DA:450,0
DA:452,0
DA:460,0
DA:465,0
DA:472,0
DA:473,0
DA:478,0
DA:485,0
DA:491,0
DA:498,0
DA:504,0
DA:512,0
DA:519,0
DA:521,0
DA:522,0
DA:523,0
DA:525,0
DA:532,0
DA:534,0
DA:535,0
DA:542,0
DA:543,0
DA:544,0
DA:545,0
DA:548,0
DA:555,0
DA:557,0
DA:559,0
DA:561,0
DA:563,0
DA:575,0
DA:577,0
DA:578,0
DA:579,0
DA:582,0
DA:583,0
DA:586,0
DA:587,0
DA:591,0
DA:598,0
DA:599,0
DA:600,0
DA:602,0
DA:603,0
DA:606,0
DA:607,0
DA:610,0
DA:611,0
DA:612,0
DA:615,0
DA:616,0
DA:617,0
DA:620,0
DA:621,0
DA:624,0
DA:631,0
DA:632,0
DA:637,0
DA:638,0
DA:640,0
DA:641,0
DA:643,0
DA:645,0
DA:653,0
DA:654,0
DA:656,0
DA:663,0
DA:664,0
DA:671,0
DA:676,0
LF:199
LH:0
BRDA:66,0,0,0
BRDA:66,0,1,0
BRDA:135,1,0,0
BRDA:135,1,1,0
BRDA:150,2,0,0
BRDA:150,2,1,0
BRDA:151,3,0,0
BRDA:151,3,1,0
BRDA:151,3,2,0
BRDA:170,4,0,0
BRDA:170,4,1,0
BRDA:219,5,0,0
BRDA:219,5,1,0
BRDA:226,6,0,0
BRDA:226,6,1,0
BRDA:261,7,0,0
BRDA:261,7,1,0
BRDA:267,8,0,0
BRDA:267,8,1,0
BRDA:273,9,0,0
BRDA:273,9,1,0
BRDA:279,10,0,0
BRDA:279,10,1,0
BRDA:285,11,0,0
BRDA:285,11,1,0
BRDA:291,12,0,0
BRDA:291,12,1,0
BRDA:291,12,2,0
BRDA:314,13,0,0
BRDA:314,13,1,0
BRDA:348,14,0,0
BRDA:348,14,1,0
BRDA:351,15,0,0
BRDA:351,15,1,0
BRDA:367,16,0,0
BRDA:367,16,1,0
BRDA:391,17,0,0
BRDA:391,17,1,0
BRDA:392,18,0,0
BRDA:392,18,1,0
BRDA:519,19,0,0
BRDA:519,19,1,0
BRDA:532,20,0,0
BRDA:532,20,1,0
BRDA:555,21,0,0
BRDA:555,21,1,0
BRDA:555,21,2,0
BRDA:555,21,3,0
BRDA:557,22,0,0
BRDA:557,22,1,0
BRDA:559,23,0,0
BRDA:559,23,1,0
BRDA:602,24,0,0
BRDA:602,24,1,0
BRDA:606,25,0,0
BRDA:606,25,1,0
BRDA:610,26,0,0
BRDA:610,26,1,0
BRDA:611,27,0,0
BRDA:611,27,1,0
BRDA:615,28,0,0
BRDA:615,28,1,0
BRDA:616,29,0,0
BRDA:616,29,1,0
BRDA:620,30,0,0
BRDA:620,30,1,0
BRDA:653,31,0,0
BRDA:653,31,1,0
BRF:68
BRH:0
end_of_record
TN:
SF:src/utils/uploadTest.ts
FN:20,(anonymous_0)
FN:50,(anonymous_1)
FN:98,(anonymous_2)
FN:156,(anonymous_3)
FNF:4
FNH:0
FNDA:0,(anonymous_0)
FNDA:0,(anonymous_1)
FNDA:0,(anonymous_2)
FNDA:0,(anonymous_3)
DA:20,0
DA:21,0
DA:23,0
DA:25,0
DA:26,0
DA:27,0
DA:30,0
DA:31,0
DA:34,0
DA:39,0
DA:50,0
DA:51,0
DA:52,0
DA:59,0
DA:60,0
DA:66,0
DA:67,0
DA:73,0
DA:75,0
DA:76,0
DA:82,0
DA:87,0
DA:98,0
DA:99,0
DA:101,0
DA:108,0
DA:109,0
DA:115,0
DA:117,0
DA:118,0
DA:125,0
DA:131,0
DA:132,0
DA:138,0
DA:145,0
DA:156,0
DA:157,0
DA:158,0
DA:159,0
DA:160,0
DA:163,0
DA:164,0
DA:165,0
DA:166,0
DA:169,0
DA:170,0
DA:171,0
DA:173,0
LF:48
LH:0
BRDA:26,0,0,0
BRDA:26,0,1,0
BRDA:30,1,0,0
BRDA:30,1,1,0
BRDA:36,2,0,0
BRDA:36,2,1,0
BRDA:36,3,0,0
BRDA:36,3,1,0
BRDA:59,4,0,0
BRDA:59,4,1,0
BRDA:66,5,0,0
BRDA:66,5,1,0
BRDA:66,6,0,0
BRDA:66,6,1,0
BRDA:75,7,0,0
BRDA:75,7,1,0
BRDA:75,8,0,0
BRDA:75,8,1,0
BRDA:84,9,0,0
BRDA:84,9,1,0
BRDA:84,10,0,0
BRDA:84,10,1,0
BRDA:84,11,0,0
BRDA:84,11,1,0
BRDA:108,12,0,0
BRDA:108,12,1,0
BRDA:108,13,0,0
BRDA:108,13,1,0
BRDA:108,13,2,0
BRDA:117,14,0,0
BRDA:117,14,1,0
BRDA:117,15,0,0
BRDA:117,15,1,0
BRDA:128,16,0,0
BRDA:128,16,1,0
BRDA:131,17,0,0
BRDA:131,17,1,0
BRDA:131,18,0,0
BRDA:131,18,1,0
BRDA:140,19,0,0
BRDA:140,19,1,0
BRDA:158,20,0,0
BRDA:158,20,1,0
BRDA:164,21,0,0
BRDA:164,21,1,0
BRDA:170,22,0,0
BRDA:170,22,1,0
BRF:47
BRH:0
end_of_record
TN:
SF:src/utils/videoUtils.ts
FN:7,formatVideoDuration
FN:16,formatVideoDurationFromMs
FN:23,isVideoFile
FN:26,(anonymous_3)
FN:32,getVideoFileSize
FN:44,formatFileSize
FN:57,isVideoDurationValid
FN:64,getVideoMimeType
FN:88,areVideoThumbnailsSupported
FN:95,validateVideoFile
FN:134,generateVideoFileName
FN:144,isVideoPlayerSupported
FNF:12
FNH:0
FNDA:0,formatVideoDuration
FNDA:0,formatVideoDurationFromMs
FNDA:0,isVideoFile
FNDA:0,(anonymous_3)
FNDA:0,getVideoFileSize
FNDA:0,formatFileSize
FNDA:0,isVideoDurationValid
FNDA:0,getVideoMimeType
FNDA:0,areVideoThumbnailsSupported
FNDA:0,validateVideoFile
FNDA:0,generateVideoFileName
FNDA:0,isVideoPlayerSupported
DA:8,0
DA:9,0
DA:10,0
DA:17,0
DA:24,0
DA:25,0
DA:26,0
DA:33,0
DA:34,0
DA:35,0
DA:37,0
DA:45,0
DA:47,0
DA:48,0
DA:49,0
DA:51,0
DA:58,0
DA:65,0
DA:67,0
DA:69,0
DA:71,0
DA:73,0
DA:75,0
DA:77,0
DA:79,0
DA:81,0
DA:89,0
DA:102,0
DA:104,0
DA:105,0
DA:106,0
DA:110,0
DA:111,0
DA:118,0
DA:119,0
DA:122,0
DA:124,0
DA:135,0
DA:136,0
DA:137,0
DA:138,0
DA:146,0
LF:42
LH:0
BRDA:35,0,0,0
BRDA:35,0,1,0
BRDA:35,1,0,0
BRDA:35,1,1,0
BRDA:45,2,0,0
BRDA:45,2,1,0
BRDA:57,3,0,0
BRDA:58,4,0,0
BRDA:58,4,1,0
BRDA:67,5,0,0
BRDA:67,5,1,0
BRDA:67,5,2,0
BRDA:67,5,3,0
BRDA:67,5,4,0
BRDA:67,5,5,0
BRDA:67,5,6,0
BRDA:89,6,0,0
BRDA:89,6,1,0
BRDA:97,7,0,0
BRDA:105,8,0,0
BRDA:105,8,1,0
BRDA:110,9,0,0
BRDA:110,9,1,0
BRDA:110,10,0,0
BRDA:110,10,1,0
BRDA:118,11,0,0
BRDA:118,11,1,0
BRDA:126,12,0,0
BRDA:126,12,1,0
BRDA:134,13,0,0
BRDA:135,14,0,0
BRDA:135,14,1,0
BRDA:146,15,0,0
BRDA:146,15,1,0
BRF:34
BRH:0
end_of_record
TN:
SF:src/utils/zustandOptimization.example.tsx
FNF:0
FNH:0
LF:0
LH:0
BRF:0
BRH:0
end_of_record
TN:
SF:src/utils/zustandOptimization.ts
FN:8,(anonymous_0)
FN:17,(anonymous_1)
FN:25,(anonymous_2)
FN:36,(anonymous_3)
FN:60,(anonymous_4)
FN:64,(anonymous_5)
FN:65,(anonymous_6)
FN:72,(anonymous_7)
FN:78,(anonymous_8)
FN:78,(anonymous_9)
FN:83,(anonymous_10)
FN:84,(anonymous_11)
FN:84,(anonymous_12)
FN:89,(anonymous_13)
FNF:14
FNH:0
FNDA:0,(anonymous_0)
FNDA:0,(anonymous_1)
FNDA:0,(anonymous_2)
FNDA:0,(anonymous_3)
FNDA:0,(anonymous_4)
FNDA:0,(anonymous_5)
FNDA:0,(anonymous_6)
FNDA:0,(anonymous_7)
FNDA:0,(anonymous_8)
FNDA:0,(anonymous_9)
FNDA:0,(anonymous_10)
FNDA:0,(anonymous_11)
FNDA:0,(anonymous_12)
FNDA:0,(anonymous_13)
DA:8,0
DA:11,0
DA:17,0
DA:18,0
DA:25,0
DA:29,0
DA:36,0
DA:41,0
DA:43,0
DA:45,0
DA:46,0
DA:47,0
DA:48,0
DA:50,0
DA:53,0
DA:60,0
DA:63,0
DA:64,0
DA:65,0
DA:72,0
DA:74,0
DA:78,0
DA:84,0
DA:89,0
LF:24
LH:0
BRDA:45,0,0,0
BRDA:45,0,1,0
BRDA:45,1,0,0
BRDA:45,1,1,0
BRDA:47,2,0,0
BRDA:47,2,1,0
BRDA:47,3,0,0
BRDA:47,3,1,0
BRF:8
BRH:0
end_of_record
